<?xml version="1.0"?>
<!DOCTYPE coverage SYSTEM "http://cobertura.sourceforge.net/xml/coverage-04.dtd">

<coverage line-rate="0.7354227405247813" branch-rate="0.6769911504424779" lines-covered="1009" lines-valid="1372" branches-covered="306" branches-valid="452" complexity="2.288808664259928" version="1.9.4.1" timestamp="1369069751395">
	<sources>
		<source>C:/WS_37_SETTINGS4J/settings4j/target/checkout/src/main/java</source>
		<source>--source</source>
	</sources>
	<packages>
		<package name="org.settings4j" line-rate="0.5454545454545454" branch-rate="1.0" complexity="1.0">
			<classes>
				<class name="org.settings4j.Connector" filename="org/settings4j/Connector.java" line-rate="1.0" branch-rate="1.0" complexity="1.0">
					<methods>
					</methods>
					<lines>
					</lines>
				</class>
				<class name="org.settings4j.Constants" filename="org/settings4j/Constants.java" line-rate="0.0" branch-rate="1.0" complexity="1.0">
					<methods>
						<method name="&lt;init&gt;" signature="()V" line-rate="0.0" branch-rate="1.0">
							<lines>
								<line number="31" hits="0" branch="false"/>
								<line number="32" hits="0" branch="false"/>
							</lines>
						</method>
					</methods>
					<lines>
						<line number="31" hits="0" branch="false"/>
						<line number="32" hits="0" branch="false"/>
					</lines>
				</class>
				<class name="org.settings4j.ContentResolver" filename="org/settings4j/ContentResolver.java" line-rate="1.0" branch-rate="1.0" complexity="1.0">
					<methods>
					</methods>
					<lines>
					</lines>
				</class>
				<class name="org.settings4j.Filter" filename="org/settings4j/Filter.java" line-rate="1.0" branch-rate="1.0" complexity="1.0">
					<methods>
					</methods>
					<lines>
					</lines>
				</class>
				<class name="org.settings4j.ObjectResolver" filename="org/settings4j/ObjectResolver.java" line-rate="1.0" branch-rate="1.0" complexity="1.0">
					<methods>
					</methods>
					<lines>
					</lines>
				</class>
				<class name="org.settings4j.Settings4j" filename="org/settings4j/Settings4j.java" line-rate="0.6666666666666666" branch-rate="1.0" complexity="1.0">
					<methods>
						<method name="&lt;init&gt;" signature="()V" line-rate="0.0" branch-rate="1.0">
							<lines>
								<line number="45" hits="0" branch="false"/>
								<line number="46" hits="0" branch="false"/>
							</lines>
						</method>
						<method name="getConnector" signature="(Ljava/lang/String;)Lorg/settings4j/Connector;" line-rate="0.0" branch-rate="1.0">
							<lines>
								<line number="157" hits="0" branch="false"/>
							</lines>
						</method>
						<method name="getConnectors" signature="()Ljava/util/List;" line-rate="1.0" branch-rate="1.0">
							<lines>
								<line number="147" hits="18" branch="false"/>
							</lines>
						</method>
						<method name="getContent" signature="(Ljava/lang/String;)[B" line-rate="1.0" branch-rate="1.0">
							<lines>
								<line number="99" hits="1" branch="false"/>
							</lines>
						</method>
						<method name="getObject" signature="(Ljava/lang/String;)Ljava/lang/Object;" line-rate="1.0" branch-rate="1.0">
							<lines>
								<line number="120" hits="4" branch="false"/>
							</lines>
						</method>
						<method name="getSettings" signature="()Lorg/settings4j/Settings4jInstance;" line-rate="1.0" branch-rate="1.0">
							<lines>
								<line number="138" hits="74" branch="false"/>
							</lines>
						</method>
						<method name="getSettingsRepository" signature="()Lorg/settings4j/Settings4jRepository;" line-rate="1.0" branch-rate="1.0">
							<lines>
								<line number="129" hits="55" branch="false"/>
							</lines>
						</method>
						<method name="getString" signature="(Ljava/lang/String;)Ljava/lang/String;" line-rate="1.0" branch-rate="1.0">
							<lines>
								<line number="71" hits="51" branch="false"/>
							</lines>
						</method>
					</methods>
					<lines>
						<line number="45" hits="0" branch="false"/>
						<line number="46" hits="0" branch="false"/>
						<line number="71" hits="51" branch="false"/>
						<line number="99" hits="1" branch="false"/>
						<line number="120" hits="4" branch="false"/>
						<line number="129" hits="55" branch="false"/>
						<line number="138" hits="74" branch="false"/>
						<line number="147" hits="18" branch="false"/>
						<line number="157" hits="0" branch="false"/>
					</lines>
				</class>
				<class name="org.settings4j.Settings4jFactory" filename="org/settings4j/Settings4jFactory.java" line-rate="1.0" branch-rate="1.0" complexity="1.0">
					<methods>
					</methods>
					<lines>
					</lines>
				</class>
				<class name="org.settings4j.Settings4jInstance" filename="org/settings4j/Settings4jInstance.java" line-rate="1.0" branch-rate="1.0" complexity="1.0">
					<methods>
					</methods>
					<lines>
					</lines>
				</class>
				<class name="org.settings4j.Settings4jRepository" filename="org/settings4j/Settings4jRepository.java" line-rate="1.0" branch-rate="1.0" complexity="1.0">
					<methods>
					</methods>
					<lines>
					</lines>
				</class>
			</classes>
		</package>
		<package name="org.settings4j.config" line-rate="0.7894736842105263" branch-rate="0.6858974358974359" complexity="4.333333333333333">
			<classes>
				<class name="org.settings4j.config.DOMConfigurator" filename="org/settings4j/config/DOMConfigurator.java" line-rate="0.7959183673469388" branch-rate="0.6907894736842105" complexity="4.821428571428571">
					<methods>
						<method name="&lt;clinit&gt;" signature="()V" line-rate="1.0" branch-rate="1.0">
							<lines>
								<line number="67" hits="1" branch="false"/>
								<line number="70" hits="1" branch="false"/>
							</lines>
						</method>
						<method name="&lt;init&gt;" signature="(Lorg/settings4j/Settings4jRepository;)V" line-rate="1.0" branch-rate="1.0">
							<lines>
								<line number="128" hits="30" branch="false"/>
								<line number="135" hits="30" branch="false"/>
								<line number="136" hits="30" branch="false"/>
								<line number="137" hits="30" branch="false"/>
								<line number="138" hits="30" branch="false"/>
								<line number="139" hits="30" branch="false"/>
								<line number="140" hits="30" branch="false"/>
							</lines>
						</method>
						<method name="addExpressionAttribute" signature="(Ljava/lang/String;Ljava/lang/Object;)V" line-rate="0.0" branch-rate="1.0">
							<lines>
								<line number="959" hits="0" branch="false"/>
								<line number="960" hits="0" branch="false"/>
							</lines>
						</method>
						<method name="class$" signature="(Ljava/lang/String;)Ljava/lang/Class;" line-rate="1.0" branch-rate="1.0">
							<lines>
								<line number="68" hits="3" branch="false"/>
							</lines>
						</method>
						<method name="configure" signature="(Ljava/net/URL;Lorg/settings4j/Settings4jRepository;)V" line-rate="1.0" branch-rate="1.0">
							<lines>
								<line number="180" hits="30" branch="false"/>
								<line number="181" hits="30" branch="false"/>
							</lines>
						</method>
						<method name="doConfigure" signature="(Ljava/net/URL;)V" line-rate="1.0" branch-rate="1.0">
							<lines>
								<line number="187" hits="30" branch="false"/>
								<line number="197" hits="30" branch="false"/>
								<line number="198" hits="30" branch="false"/>
							</lines>
						</method>
						<method name="doConfigure" signature="(Lorg/settings4j/config/DOMConfigurator$ParseAction;)V" line-rate="0.7" branch-rate="1.0">
							<lines>
								<line number="201" hits="30" branch="false"/>
								<line number="203" hits="30" branch="false"/>
								<line number="204" hits="30" branch="false"/>
								<line number="205" hits="30" branch="false"/>
								<line number="206" hits="30" branch="false"/>
								<line number="207" hits="0" branch="false"/>
								<line number="208" hits="0" branch="false"/>
								<line number="209" hits="0" branch="false"/>
								<line number="210" hits="0" branch="false"/>
								<line number="211" hits="30" branch="false"/>
								<line number="214" hits="30" branch="false"/>
								<line number="216" hits="30" branch="false"/>
								<line number="218" hits="30" branch="false"/>
								<line number="219" hits="30" branch="false"/>
								<line number="221" hits="30" branch="false"/>
								<line number="222" hits="30" branch="false"/>
								<line number="223" hits="0" branch="false"/>
								<line number="225" hits="0" branch="false"/>
								<line number="226" hits="30" branch="false"/>
								<line number="227" hits="30" branch="false"/>
							</lines>
						</method>
						<method name="findConnectorByName" signature="(Lorg/w3c/dom/Document;Ljava/lang/String;)Lorg/settings4j/Connector;" line-rate="0.7" branch-rate="0.5">
							<lines>
								<line number="519" hits="2" branch="false"/>
								<line number="521" hits="2" branch="true" condition-coverage="50% (1/2)">
									<conditions>
										<condition number="0" type="jump" coverage="50%"/>
									</conditions>
								</line>
								<line number="522" hits="0" branch="false"/>
								<line number="525" hits="2" branch="false"/>
								<line number="527" hits="2" branch="true" condition-coverage="50% (1/2)">
									<conditions>
										<condition number="0" type="jump" coverage="50%"/>
									</conditions>
								</line>
								<line number="528" hits="0" branch="false"/>
								<line number="529" hits="0" branch="false"/>
								<line number="532" hits="2" branch="false"/>
								<line number="533" hits="2" branch="false"/>
								<line number="534" hits="2" branch="false"/>
							</lines>
						</method>
						<method name="findConnectorByReference" signature="(Lorg/w3c/dom/Element;)Lorg/settings4j/Connector;" line-rate="1.0" branch-rate="1.0">
							<lines>
								<line number="544" hits="2" branch="false"/>
								<line number="545" hits="2" branch="false"/>
								<line number="546" hits="2" branch="false"/>
							</lines>
						</method>
						<method name="findContentResolverByName" signature="(Lorg/w3c/dom/Document;Ljava/lang/String;)Lorg/settings4j/ContentResolver;" line-rate="0.8" branch-rate="0.75">
							<lines>
								<line number="786" hits="80" branch="false"/>
								<line number="788" hits="80" branch="true" condition-coverage="100% (2/2)">
									<conditions>
										<condition number="0" type="jump" coverage="100%"/>
									</conditions>
								</line>
								<line number="789" hits="30" branch="false"/>
								<line number="792" hits="50" branch="false"/>
								<line number="794" hits="50" branch="true" condition-coverage="50% (1/2)">
									<conditions>
										<condition number="0" type="jump" coverage="50%"/>
									</conditions>
								</line>
								<line number="795" hits="0" branch="false"/>
								<line number="796" hits="0" branch="false"/>
								<line number="799" hits="50" branch="false"/>
								<line number="800" hits="50" branch="false"/>
								<line number="801" hits="50" branch="false"/>
							</lines>
						</method>
						<method name="findContentResolverByReference" signature="(Lorg/w3c/dom/Element;)Lorg/settings4j/ContentResolver;" line-rate="1.0" branch-rate="1.0">
							<lines>
								<line number="851" hits="80" branch="false"/>
								<line number="852" hits="80" branch="false"/>
								<line number="853" hits="80" branch="false"/>
							</lines>
						</method>
						<method name="findObjectResolverByName" signature="(Lorg/w3c/dom/Document;Ljava/lang/String;)Lorg/settings4j/ObjectResolver;" line-rate="0.8" branch-rate="0.75">
							<lines>
								<line number="813" hits="97" branch="false"/>
								<line number="815" hits="97" branch="true" condition-coverage="100% (2/2)">
									<conditions>
										<condition number="0" type="jump" coverage="100%"/>
									</conditions>
								</line>
								<line number="816" hits="45" branch="false"/>
								<line number="819" hits="52" branch="false"/>
								<line number="821" hits="52" branch="true" condition-coverage="50% (1/2)">
									<conditions>
										<condition number="0" type="jump" coverage="50%"/>
									</conditions>
								</line>
								<line number="822" hits="0" branch="false"/>
								<line number="823" hits="0" branch="false"/>
								<line number="826" hits="52" branch="false"/>
								<line number="827" hits="52" branch="false"/>
								<line number="828" hits="52" branch="false"/>
							</lines>
						</method>
						<method name="findObjectResolverByReference" signature="(Lorg/w3c/dom/Element;)Lorg/settings4j/ObjectResolver;" line-rate="1.0" branch-rate="1.0">
							<lines>
								<line number="838" hits="97" branch="false"/>
								<line number="839" hits="97" branch="false"/>
								<line number="840" hits="97" branch="false"/>
							</lines>
						</method>
						<method name="getConnectors" signature="(Lorg/w3c/dom/Element;)[Lorg/settings4j/Connector;" line-rate="1.0" branch-rate="1.0">
							<lines>
								<line number="423" hits="186" branch="false"/>
								<line number="425" hits="186" branch="false"/>
								<line number="426" hits="186" branch="false"/>
								<line number="428" hits="751" branch="true" condition-coverage="100% (2/2)">
									<conditions>
										<condition number="0" type="jump" coverage="100%"/>
									</conditions>
								</line>
								<line number="429" hits="565" branch="false"/>
								<line number="431" hits="565" branch="true" condition-coverage="100% (2/2)">
									<conditions>
										<condition number="0" type="jump" coverage="100%"/>
									</conditions>
								</line>
								<line number="432" hits="193" branch="false"/>
								<line number="433" hits="193" branch="false"/>
								<line number="435" hits="193" branch="true" condition-coverage="100% (2/2)">
									<conditions>
										<condition number="0" type="jump" coverage="100%"/>
									</conditions>
								</line>
								<line number="436" hits="2" branch="false"/>
								<line number="437" hits="2" branch="false"/>
								<line number="438" hits="2" branch="false"/>
								<line number="443" hits="186" branch="false"/>
							</lines>
						</method>
						<method name="getElementByNameAttr" signature="(Lorg/w3c/dom/Document;Ljava/lang/String;Ljava/lang/String;)Lorg/w3c/dom/Element;" line-rate="1.0" branch-rate="0.75">
							<lines>
								<line number="863" hits="104" branch="false"/>
								<line number="864" hits="104" branch="false"/>
								<line number="865" hits="199" branch="true" condition-coverage="50% (1/2)">
									<conditions>
										<condition number="0" type="jump" coverage="50%"/>
									</conditions>
								</line>
								<line number="866" hits="199" branch="false"/>
								<line number="867" hits="199" branch="false"/>
								<line number="868" hits="199" branch="false"/>
								<line number="869" hits="199" branch="true" condition-coverage="100% (2/2)">
									<conditions>
										<condition number="0" type="jump" coverage="100%"/>
									</conditions>
								</line>
								<line number="870" hits="104" branch="false"/>
								<line number="871" hits="104" branch="false"/>
								<line number="875" hits="104" branch="false"/>
							</lines>
						</method>
						<method name="loadClass" signature="(Ljava/lang/String;)Ljava/lang/Class;" line-rate="1.0" branch-rate="1.0">
							<lines>
								<line number="963" hits="189" branch="false"/>
							</lines>
						</method>
						<method name="parse" signature="(Lorg/w3c/dom/Element;)V" line-rate="0.7777777777777778" branch-rate="0.5">
							<lines>
								<line number="237" hits="30" branch="false"/>
								<line number="239" hits="30" branch="true" condition-coverage="50% (1/2)">
									<conditions>
										<condition number="0" type="jump" coverage="50%"/>
									</conditions>
								</line>
								<line number="240" hits="0" branch="false"/>
								<line number="241" hits="0" branch="false"/>
								<line number="244" hits="30" branch="false"/>
								<line number="246" hits="30" branch="false"/>
								<line number="247" hits="30" branch="false"/>
								<line number="248" hits="30" branch="false"/>
								<line number="249" hits="30" branch="false"/>
							</lines>
						</method>
						<method name="parseChildrenOfSettingsElement" signature="(Lorg/w3c/dom/Element;Lorg/settings4j/Settings4jInstance;)V" line-rate="0.9722222222222222" branch-rate="0.85">
							<lines>
								<line number="455" hits="30" branch="false"/>
								<line number="456" hits="30" branch="false"/>
								<line number="457" hits="30" branch="false"/>
								<line number="461" hits="30" branch="false"/>
								<line number="464" hits="30" branch="false"/>
								<line number="465" hits="30" branch="false"/>
								<line number="466" hits="112" branch="true" condition-coverage="100% (2/2)">
									<conditions>
										<condition number="0" type="jump" coverage="100%"/>
									</conditions>
								</line>
								<line number="467" hits="82" branch="false"/>
								<line number="468" hits="82" branch="false"/>
								<line number="470" hits="82" branch="false"/>
								<line number="471" hits="82" branch="true" condition-coverage="50% (1/2)">
									<conditions>
										<condition number="0" type="jump" coverage="50%"/>
									</conditions>
								</line>
								<line number="472" hits="82" branch="false"/>
								<line number="473" hits="82" branch="false"/>
								<line number="477" hits="30" branch="false"/>
								<line number="478" hits="30" branch="false"/>
								<line number="480" hits="30" branch="false"/>
								<line number="483" hits="30" branch="false"/>
								<line number="484" hits="436" branch="true" condition-coverage="100% (2/2)">
									<conditions>
										<condition number="0" type="jump" coverage="100%"/>
									</conditions>
								</line>
								<line number="485" hits="406" branch="false"/>
								<line number="486" hits="406" branch="true" condition-coverage="100% (2/2)">
									<conditions>
										<condition number="0" type="jump" coverage="100%"/>
									</conditions>
								</line>
								<line number="487" hits="187" branch="false"/>
								<line number="488" hits="187" branch="false"/>
								<line number="490" hits="187" branch="true" condition-coverage="100% (2/2)">
									<conditions>
										<condition number="0" type="jump" coverage="100%"/>
									</conditions>
								</line>
								<line number="491" hits="1" branch="false"/>
								<line number="492" hits="1" branch="true" condition-coverage="50% (1/2)">
									<conditions>
										<condition number="0" type="jump" coverage="50%"/>
									</conditions>
								</line>
								<line number="493" hits="1" branch="false"/>
								<line number="495" hits="1" branch="true" condition-coverage="50% (1/2)">
									<conditions>
										<condition number="0" type="jump" coverage="50%"/>
									</conditions>
								</line>
								<line number="496" hits="0" branch="false"/>
								<line number="497" hits="186" branch="true" condition-coverage="100% (2/2)">
									<conditions>
										<condition number="0" type="jump" coverage="100%"/>
									</conditions>
								</line>
								<line number="498" hits="82" branch="false"/>
								<line number="499" hits="104" branch="true" condition-coverage="100% (2/2)">
									<conditions>
										<condition number="0" type="jump" coverage="100%"/>
									</conditions>
								</line>
								<line number="500" hits="50" branch="false"/>
								<line number="501" hits="54" branch="true" condition-coverage="100% (2/2)">
									<conditions>
										<condition number="0" type="jump" coverage="100%"/>
									</conditions>
								</line>
								<line number="502" hits="52" branch="false"/>
								<line number="504" hits="2" branch="false"/>
								<line number="508" hits="30" branch="false"/>
							</lines>
						</method>
						<method name="parseConnector" signature="(Lorg/w3c/dom/Element;)Lorg/settings4j/Connector;" line-rate="0.9166666666666666" branch-rate="0.8461538461538461">
							<lines>
								<line number="312" hits="84" branch="false"/>
								<line number="316" hits="84" branch="false"/>
								<line number="319" hits="84" branch="false"/>
								<line number="321" hits="84" branch="false"/>
								<line number="322" hits="84" branch="false"/>
								<line number="323" hits="84" branch="false"/>
								<line number="324" hits="0" branch="false"/>
								<line number="325" hits="0" branch="false"/>
								<line number="326" hits="0" branch="false"/>
								<line number="327" hits="84" branch="false"/>
								<line number="329" hits="84" branch="false"/>
								<line number="331" hits="84" branch="false"/>
								<line number="332" hits="86" branch="true" condition-coverage="100% (2/2)">
									<conditions>
										<condition number="0" type="jump" coverage="100%"/>
									</conditions>
								</line>
								<line number="333" hits="2" branch="false"/>
								<line number="336" hits="84" branch="false"/>
								<line number="340" hits="84" branch="false"/>
								<line number="342" hits="84" branch="false"/>
								<line number="343" hits="84" branch="false"/>
								<line number="345" hits="423" branch="true" condition-coverage="100% (2/2)">
									<conditions>
										<condition number="0" type="jump" coverage="100%"/>
									</conditions>
								</line>
								<line number="346" hits="339" branch="false"/>
								<line number="348" hits="339" branch="true" condition-coverage="100% (2/2)">
									<conditions>
										<condition number="0" type="jump" coverage="100%"/>
									</conditions>
								</line>
								<line number="349" hits="131" branch="false"/>
								<line number="350" hits="131" branch="false"/>
								<line number="352" hits="131" branch="true" condition-coverage="100% (2/2)">
									<conditions>
										<condition number="0" type="jump" coverage="100%"/>
									</conditions>
								</line>
								<line number="353" hits="2" branch="true" condition-coverage="50% (1/2)">
									<conditions>
										<condition number="0" type="jump" coverage="50%"/>
									</conditions>
								</line>
								<line number="354" hits="2" branch="false"/>
								<line number="357" hits="129" branch="true" condition-coverage="100% (2/2)">
									<conditions>
										<condition number="0" type="jump" coverage="100%"/>
									</conditions>
								</line>
								<line number="358" hits="50" branch="false"/>
								<line number="359" hits="50" branch="false"/>
								<line number="360" hits="50" branch="false"/>
								<line number="362" hits="50" branch="true" condition-coverage="100% (2/2)">
									<conditions>
										<condition number="0" type="jump" coverage="100%"/>
									</conditions>
								</line>
								<line number="363" hits="65" branch="false"/>
								<line number="364" hits="65" branch="false"/>
								<line number="365" hits="65" branch="false"/>
								<line number="367" hits="65" branch="true" condition-coverage="100% (2/2)">
									<conditions>
										<condition number="0" type="jump" coverage="100%"/>
									</conditions>
								</line>
								<line number="368" hits="2" branch="false"/>
								<line number="369" hits="2" branch="false"/>
								<line number="370" hits="2" branch="true" condition-coverage="50% (1/2)">
									<conditions>
										<condition number="0" type="jump" coverage="50%"/>
									</conditions>
								</line>
								<line number="371" hits="12" branch="false"/>
								<line number="373" hits="0" branch="false"/>
								<line number="378" hits="84" branch="true" condition-coverage="50% (1/2)">
									<conditions>
										<condition number="0" type="jump" coverage="50%"/>
									</conditions>
								</line>
								<line number="380" hits="84" branch="true" condition-coverage="75% (3/4)">
									<conditions>
										<condition number="0" type="jump" coverage="50%"/>
										<condition number="1" type="jump" coverage="100%"/>
									</conditions>
								</line>
								<line number="381" hits="2" branch="false"/>
								<line number="384" hits="84" branch="true" condition-coverage="100% (2/2)">
									<conditions>
										<condition number="0" type="jump" coverage="100%"/>
									</conditions>
								</line>
								<line number="385" hits="2" branch="false"/>
								<line number="389" hits="84" branch="false"/>
								<line number="390" hits="84" branch="false"/>
								<line number="391" hits="84" branch="false"/>
							</lines>
						</method>
						<method name="parseContentResolver" signature="(Lorg/w3c/dom/Element;)Lorg/settings4j/ContentResolver;" line-rate="0.6341463414634146" branch-rate="0.4375">
							<lines>
								<line number="708" hits="50" branch="false"/>
								<line number="712" hits="50" branch="false"/>
								<line number="715" hits="50" branch="false"/>
								<line number="717" hits="50" branch="false"/>
								<line number="718" hits="50" branch="false"/>
								<line number="719" hits="50" branch="false"/>
								<line number="720" hits="0" branch="false"/>
								<line number="721" hits="0" branch="false"/>
								<line number="723" hits="0" branch="false"/>
								<line number="724" hits="0" branch="false"/>
								<line number="725" hits="0" branch="false"/>
								<line number="727" hits="0" branch="false"/>
								<line number="728" hits="50" branch="false"/>
								<line number="731" hits="50" branch="false"/>
								<line number="733" hits="50" branch="false"/>
								<line number="737" hits="50" branch="false"/>
								<line number="739" hits="50" branch="false"/>
								<line number="740" hits="50" branch="false"/>
								<line number="742" hits="160" branch="true" condition-coverage="100% (2/2)">
									<conditions>
										<condition number="0" type="jump" coverage="100%"/>
									</conditions>
								</line>
								<line number="743" hits="110" branch="false"/>
								<line number="745" hits="110" branch="true" condition-coverage="100% (2/2)">
									<conditions>
										<condition number="0" type="jump" coverage="100%"/>
									</conditions>
								</line>
								<line number="746" hits="30" branch="false"/>
								<line number="747" hits="30" branch="false"/>
								<line number="749" hits="30" branch="true" condition-coverage="50% (1/2)">
									<conditions>
										<condition number="0" type="jump" coverage="50%"/>
									</conditions>
								</line>
								<line number="750" hits="0" branch="true" condition-coverage="0% (0/2)">
									<conditions>
										<condition number="0" type="jump" coverage="0%"/>
									</conditions>
								</line>
								<line number="751" hits="0" branch="false"/>
								<line number="754" hits="30" branch="true" condition-coverage="50% (1/2)">
									<conditions>
										<condition number="0" type="jump" coverage="50%"/>
									</conditions>
								</line>
								<line number="755" hits="30" branch="false"/>
								<line number="756" hits="30" branch="false"/>
								<line number="757" hits="30" branch="false"/>
								<line number="759" hits="30" branch="true" condition-coverage="0% (0/2)">
									<conditions>
										<condition number="0" type="jump" coverage="0%"/>
									</conditions>
								</line>
								<line number="760" hits="0" branch="false"/>
								<line number="761" hits="0" branch="true" condition-coverage="0% (0/2)">
									<conditions>
										<condition number="0" type="jump" coverage="0%"/>
									</conditions>
								</line>
								<line number="762" hits="0" branch="false"/>
								<line number="763" hits="0" branch="false"/>
								<line number="764" hits="0" branch="false"/>
								<line number="765" hits="0" branch="false"/>
								<line number="770" hits="50" branch="true" condition-coverage="50% (1/2)">
									<conditions>
										<condition number="0" type="jump" coverage="50%"/>
									</conditions>
								</line>
								<line number="771" hits="0" branch="false"/>
								<line number="773" hits="50" branch="false"/>
								<line number="775" hits="50" branch="false"/>
							</lines>
						</method>
						<method name="parseFilter" signature="(Lorg/w3c/dom/Element;)Lorg/settings4j/Filter;" line-rate="0.8275862068965517" branch-rate="0.6666666666666666">
							<lines>
								<line number="262" hits="2" branch="false"/>
								<line number="263" hits="2" branch="true" condition-coverage="50% (1/2)">
									<conditions>
										<condition number="0" type="jump" coverage="50%"/>
									</conditions>
								</line>
								<line number="264" hits="0" branch="true" condition-coverage="0% (0/2)">
									<conditions>
										<condition number="0" type="jump" coverage="0%"/>
									</conditions>
								</line>
								<line number="267" hits="2" branch="false"/>
								<line number="269" hits="2" branch="false"/>
								<line number="270" hits="2" branch="false"/>
								<line number="271" hits="2" branch="false"/>
								<line number="272" hits="0" branch="false"/>
								<line number="273" hits="0" branch="false"/>
								<line number="274" hits="0" branch="false"/>
								<line number="275" hits="2" branch="false"/>
								<line number="277" hits="2" branch="false"/>
								<line number="278" hits="2" branch="false"/>
								<line number="280" hits="12" branch="true" condition-coverage="100% (2/2)">
									<conditions>
										<condition number="0" type="jump" coverage="100%"/>
									</conditions>
								</line>
								<line number="281" hits="10" branch="false"/>
								<line number="283" hits="10" branch="true" condition-coverage="100% (2/2)">
									<conditions>
										<condition number="0" type="jump" coverage="100%"/>
									</conditions>
								</line>
								<line number="284" hits="4" branch="false"/>
								<line number="285" hits="4" branch="false"/>
								<line number="287" hits="4" branch="true" condition-coverage="100% (2/2)">
									<conditions>
										<condition number="0" type="jump" coverage="100%"/>
									</conditions>
								</line>
								<line number="288" hits="2" branch="false"/>
								<line number="289" hits="2" branch="false"/>
								<line number="290" hits="2" branch="false"/>
								<line number="292" hits="2" branch="true" condition-coverage="50% (1/2)">
									<conditions>
										<condition number="0" type="jump" coverage="50%"/>
									</conditions>
								</line>
								<line number="293" hits="2" branch="false"/>
								<line number="294" hits="2" branch="false"/>
								<line number="295" hits="2" branch="false"/>
								<line number="296" hits="2" branch="false"/>
								<line number="297" hits="0" branch="false"/>
								<line number="302" hits="2" branch="false"/>
							</lines>
						</method>
						<method name="parseMapping" signature="(Lorg/w3c/dom/Element;)Ljava/util/Map;" line-rate="0.7419354838709677" branch-rate="0.75">
							<lines>
								<line number="647" hits="1" branch="false"/>
								<line number="651" hits="1" branch="false"/>
								<line number="652" hits="1" branch="true" condition-coverage="50% (1/2)">
									<conditions>
										<condition number="0" type="jump" coverage="50%"/>
									</conditions>
								</line>
								<line number="653" hits="0" branch="false"/>
								<line number="656" hits="1" branch="false"/>
								<line number="658" hits="1" branch="false"/>
								<line number="659" hits="1" branch="false"/>
								<line number="660" hits="1" branch="false"/>
								<line number="661" hits="0" branch="false"/>
								<line number="662" hits="0" branch="false"/>
								<line number="663" hits="0" branch="false"/>
								<line number="664" hits="0" branch="false"/>
								<line number="665" hits="0" branch="false"/>
								<line number="668" hits="0" branch="false"/>
								<line number="669" hits="1" branch="false"/>
								<line number="674" hits="1" branch="false"/>
								<line number="676" hits="1" branch="false"/>
								<line number="677" hits="1" branch="false"/>
								<line number="679" hits="6" branch="true" condition-coverage="100% (2/2)">
									<conditions>
										<condition number="0" type="jump" coverage="100%"/>
									</conditions>
								</line>
								<line number="680" hits="5" branch="false"/>
								<line number="682" hits="5" branch="true" condition-coverage="100% (2/2)">
									<conditions>
										<condition number="0" type="jump" coverage="100%"/>
									</conditions>
								</line>
								<line number="683" hits="2" branch="false"/>
								<line number="684" hits="2" branch="false"/>
								<line number="686" hits="2" branch="true" condition-coverage="50% (1/2)">
									<conditions>
										<condition number="0" type="jump" coverage="50%"/>
									</conditions>
								</line>
								<line number="687" hits="2" branch="false"/>
								<line number="688" hits="2" branch="false"/>
								<line number="689" hits="2" branch="false"/>
								<line number="690" hits="2" branch="false"/>
								<line number="691" hits="0" branch="false"/>
								<line number="695" hits="1" branch="false"/>
								<line number="697" hits="1" branch="false"/>
							</lines>
						</method>
						<method name="parseObjectResolver" signature="(Lorg/w3c/dom/Element;)Lorg/settings4j/ObjectResolver;" line-rate="0.6595744680851063" branch-rate="0.5454545454545454">
							<lines>
								<line number="557" hits="52" branch="false"/>
								<line number="561" hits="52" branch="false"/>
								<line number="564" hits="52" branch="false"/>
								<line number="566" hits="52" branch="false"/>
								<line number="567" hits="52" branch="false"/>
								<line number="568" hits="52" branch="false"/>
								<line number="569" hits="0" branch="false"/>
								<line number="570" hits="0" branch="false"/>
								<line number="571" hits="0" branch="false"/>
								<line number="572" hits="0" branch="false"/>
								<line number="573" hits="0" branch="false"/>
								<line number="576" hits="0" branch="false"/>
								<line number="577" hits="52" branch="false"/>
								<line number="580" hits="52" branch="false"/>
								<line number="582" hits="52" branch="false"/>
								<line number="586" hits="52" branch="false"/>
								<line number="588" hits="52" branch="false"/>
								<line number="589" hits="52" branch="false"/>
								<line number="591" hits="168" branch="true" condition-coverage="100% (2/2)">
									<conditions>
										<condition number="0" type="jump" coverage="100%"/>
									</conditions>
								</line>
								<line number="592" hits="116" branch="false"/>
								<line number="594" hits="116" branch="true" condition-coverage="100% (2/2)">
									<conditions>
										<condition number="0" type="jump" coverage="100%"/>
									</conditions>
								</line>
								<line number="595" hits="32" branch="false"/>
								<line number="596" hits="32" branch="false"/>
								<line number="599" hits="32" branch="true" condition-coverage="50% (1/2)">
									<conditions>
										<condition number="0" type="jump" coverage="50%"/>
									</conditions>
								</line>
								<line number="600" hits="0" branch="true" condition-coverage="0% (0/2)">
									<conditions>
										<condition number="0" type="jump" coverage="0%"/>
									</conditions>
								</line>
								<line number="601" hits="0" branch="false"/>
								<line number="604" hits="32" branch="true" condition-coverage="50% (1/2)">
									<conditions>
										<condition number="0" type="jump" coverage="50%"/>
									</conditions>
								</line>
								<line number="605" hits="32" branch="false"/>
								<line number="606" hits="32" branch="false"/>
								<line number="607" hits="32" branch="false"/>
								<line number="609" hits="32" branch="true" condition-coverage="0% (0/2)">
									<conditions>
										<condition number="0" type="jump" coverage="0%"/>
									</conditions>
								</line>
								<line number="610" hits="0" branch="false"/>
								<line number="611" hits="0" branch="true" condition-coverage="0% (0/2)">
									<conditions>
										<condition number="0" type="jump" coverage="0%"/>
									</conditions>
								</line>
								<line number="612" hits="0" branch="false"/>
								<line number="613" hits="0" branch="false"/>
								<line number="614" hits="0" branch="false"/>
								<line number="615" hits="0" branch="false"/>
								<line number="620" hits="52" branch="false"/>
								<line number="621" hits="52" branch="true" condition-coverage="100% (2/2)">
									<conditions>
										<condition number="0" type="jump" coverage="100%"/>
									</conditions>
								</line>
								<line number="622" hits="52" branch="true" condition-coverage="100% (2/2)">
									<conditions>
										<condition number="0" type="jump" coverage="100%"/>
									</conditions>
								</line>
								<line number="623" hits="1" branch="true" condition-coverage="50% (1/2)">
									<conditions>
										<condition number="0" type="jump" coverage="50%"/>
									</conditions>
								</line>
								<line number="624" hits="1" branch="false"/>
								<line number="626" hits="0" branch="false"/>
								<line number="631" hits="52" branch="true" condition-coverage="50% (1/2)">
									<conditions>
										<condition number="0" type="jump" coverage="50%"/>
									</conditions>
								</line>
								<line number="632" hits="0" branch="false"/>
								<line number="634" hits="52" branch="false"/>
								<line number="636" hits="52" branch="false"/>
							</lines>
						</method>
						<method name="quietParseUnrecognizedElement" signature="(Ljava/lang/Object;Lorg/w3c/dom/Element;)V" line-rate="0.6363636363636364" branch-rate="0.0">
							<lines>
								<line number="401" hits="2" branch="false"/>
								<line number="402" hits="2" branch="false"/>
								<line number="405" hits="2" branch="false"/>
								<line number="406" hits="2" branch="false"/>
								<line number="407" hits="0" branch="false"/>
								<line number="408" hits="0" branch="false"/>
								<line number="409" hits="0" branch="true" condition-coverage="0% (0/2)">
									<conditions>
										<condition number="0" type="jump" coverage="0%"/>
									</conditions>
								</line>
								<line number="410" hits="0" branch="false"/>
								<line number="412" hits="2" branch="false"/>
								<line number="413" hits="2" branch="false"/>
								<line number="414" hits="2" branch="false"/>
							</lines>
						</method>
						<method name="setParameter" signature="(Lorg/w3c/dom/Element;Ljava/lang/Object;[Lorg/settings4j/Connector;)V" line-rate="0.6875" branch-rate="0.5">
							<lines>
								<line number="150" hits="12" branch="false"/>
								<line number="151" hits="12" branch="false"/>
								<line number="153" hits="12" branch="false"/>
								<line number="154" hits="12" branch="false"/>
								<line number="156" hits="12" branch="true" condition-coverage="50% (1/2)">
									<conditions>
										<condition number="0" type="jump" coverage="50%"/>
									</conditions>
								</line>
								<line number="157" hits="12" branch="false"/>
								<line number="159" hits="0" branch="false"/>
								<line number="161" hits="12" branch="false"/>
								<line number="162" hits="0" branch="false"/>
								<line number="163" hits="0" branch="false"/>
								<line number="164" hits="2" branch="false"/>
								<line number="165" hits="2" branch="false"/>
								<line number="166" hits="0" branch="false"/>
								<line number="167" hits="0" branch="false"/>
								<line number="168" hits="12" branch="false"/>
								<line number="169" hits="12" branch="false"/>
							</lines>
						</method>
						<method name="subst" signature="(Ljava/lang/String;[Lorg/settings4j/Connector;)Ljava/lang/String;" line-rate="0.0" branch-rate="0.0">
							<lines>
								<line number="894" hits="0" branch="true" condition-coverage="0% (0/2)">
									<conditions>
										<condition number="0" type="jump" coverage="0%"/>
									</conditions>
								</line>
							</lines>
						</method>
						<method name="subst" signature="(Ljava/lang/String;[Lorg/settings4j/Connector;Ljava/lang/Class;)Ljava/lang/Object;" line-rate="0.8260869565217391" branch-rate="0.7777777777777778">
							<lines>
								<line number="906" hits="148" branch="true" condition-coverage="100% (2/2)">
									<conditions>
										<condition number="0" type="jump" coverage="100%"/>
									</conditions>
								</line>
								<line number="907" hits="1" branch="false"/>
								<line number="910" hits="147" branch="true" condition-coverage="100% (2/2)">
									<conditions>
										<condition number="0" type="jump" coverage="100%"/>
									</conditions>
								</line>
								<line number="912" hits="2" branch="false"/>
								<line number="913" hits="2" branch="true" condition-coverage="50% (1/2)">
									<conditions>
										<condition number="0" type="jump" coverage="50%"/>
									</conditions>
								</line>
								<line number="915" hits="2" branch="false"/>
								<line number="919" hits="2" branch="false"/>
								<line number="920" hits="4" branch="true" condition-coverage="100% (2/2)">
									<conditions>
										<condition number="0" type="jump" coverage="100%"/>
									</conditions>
								</line>
								<line number="921" hits="2" branch="false"/>
								<line number="922" hits="2" branch="false"/>
								<line number="924" hits="2" branch="false"/>
								<line number="926" hits="2" branch="true" condition-coverage="50% (1/2)">
									<conditions>
										<condition number="0" type="jump" coverage="50%"/>
									</conditions>
								</line>
								<line number="929" hits="2" branch="false"/>
								<line number="931" hits="2" branch="false"/>
								<line number="932" hits="2" branch="false"/>
								<line number="933" hits="0" branch="false"/>
								<line number="934" hits="0" branch="false"/>
								<line number="935" hits="0" branch="false"/>
								<line number="939" hits="145" branch="true" condition-coverage="100% (4/4)">
									<conditions>
										<condition number="0" type="jump" coverage="100%"/>
										<condition number="1" type="jump" coverage="100%"/>
									</conditions>
								</line>
								<line number="940" hits="9" branch="false"/>
								<line number="941" hits="136" branch="true" condition-coverage="50% (2/4)">
									<conditions>
										<condition number="0" type="jump" coverage="50%"/>
										<condition number="1" type="jump" coverage="50%"/>
									</conditions>
								</line>
								<line number="942" hits="136" branch="false"/>
								<line number="944" hits="0" branch="false"/>
							</lines>
						</method>
					</methods>
					<lines>
						<line number="67" hits="1" branch="false"/>
						<line number="68" hits="3" branch="false"/>
						<line number="70" hits="1" branch="false"/>
						<line number="128" hits="30" branch="false"/>
						<line number="135" hits="30" branch="false"/>
						<line number="136" hits="30" branch="false"/>
						<line number="137" hits="30" branch="false"/>
						<line number="138" hits="30" branch="false"/>
						<line number="139" hits="30" branch="false"/>
						<line number="140" hits="30" branch="false"/>
						<line number="150" hits="12" branch="false"/>
						<line number="151" hits="12" branch="false"/>
						<line number="153" hits="12" branch="false"/>
						<line number="154" hits="12" branch="false"/>
						<line number="156" hits="12" branch="true" condition-coverage="50% (1/2)">
							<conditions>
								<condition number="0" type="jump" coverage="50%"/>
							</conditions>
						</line>
						<line number="157" hits="12" branch="false"/>
						<line number="159" hits="0" branch="false"/>
						<line number="161" hits="12" branch="false"/>
						<line number="162" hits="0" branch="false"/>
						<line number="163" hits="0" branch="false"/>
						<line number="164" hits="2" branch="false"/>
						<line number="165" hits="2" branch="false"/>
						<line number="166" hits="0" branch="false"/>
						<line number="167" hits="0" branch="false"/>
						<line number="168" hits="12" branch="false"/>
						<line number="169" hits="12" branch="false"/>
						<line number="180" hits="30" branch="false"/>
						<line number="181" hits="30" branch="false"/>
						<line number="187" hits="30" branch="false"/>
						<line number="197" hits="30" branch="false"/>
						<line number="198" hits="30" branch="false"/>
						<line number="201" hits="30" branch="false"/>
						<line number="203" hits="30" branch="false"/>
						<line number="204" hits="30" branch="false"/>
						<line number="205" hits="30" branch="false"/>
						<line number="206" hits="30" branch="false"/>
						<line number="207" hits="0" branch="false"/>
						<line number="208" hits="0" branch="false"/>
						<line number="209" hits="0" branch="false"/>
						<line number="210" hits="0" branch="false"/>
						<line number="211" hits="30" branch="false"/>
						<line number="214" hits="30" branch="false"/>
						<line number="216" hits="30" branch="false"/>
						<line number="218" hits="30" branch="false"/>
						<line number="219" hits="30" branch="false"/>
						<line number="221" hits="30" branch="false"/>
						<line number="222" hits="30" branch="false"/>
						<line number="223" hits="0" branch="false"/>
						<line number="225" hits="0" branch="false"/>
						<line number="226" hits="30" branch="false"/>
						<line number="227" hits="30" branch="false"/>
						<line number="237" hits="30" branch="false"/>
						<line number="239" hits="30" branch="true" condition-coverage="50% (1/2)">
							<conditions>
								<condition number="0" type="jump" coverage="50%"/>
							</conditions>
						</line>
						<line number="240" hits="0" branch="false"/>
						<line number="241" hits="0" branch="false"/>
						<line number="244" hits="30" branch="false"/>
						<line number="246" hits="30" branch="false"/>
						<line number="247" hits="30" branch="false"/>
						<line number="248" hits="30" branch="false"/>
						<line number="249" hits="30" branch="false"/>
						<line number="262" hits="2" branch="false"/>
						<line number="263" hits="2" branch="true" condition-coverage="50% (1/2)">
							<conditions>
								<condition number="0" type="jump" coverage="50%"/>
							</conditions>
						</line>
						<line number="264" hits="0" branch="true" condition-coverage="0% (0/2)">
							<conditions>
								<condition number="0" type="jump" coverage="0%"/>
							</conditions>
						</line>
						<line number="267" hits="2" branch="false"/>
						<line number="269" hits="2" branch="false"/>
						<line number="270" hits="2" branch="false"/>
						<line number="271" hits="2" branch="false"/>
						<line number="272" hits="0" branch="false"/>
						<line number="273" hits="0" branch="false"/>
						<line number="274" hits="0" branch="false"/>
						<line number="275" hits="2" branch="false"/>
						<line number="277" hits="2" branch="false"/>
						<line number="278" hits="2" branch="false"/>
						<line number="280" hits="12" branch="true" condition-coverage="100% (2/2)">
							<conditions>
								<condition number="0" type="jump" coverage="100%"/>
							</conditions>
						</line>
						<line number="281" hits="10" branch="false"/>
						<line number="283" hits="10" branch="true" condition-coverage="100% (2/2)">
							<conditions>
								<condition number="0" type="jump" coverage="100%"/>
							</conditions>
						</line>
						<line number="284" hits="4" branch="false"/>
						<line number="285" hits="4" branch="false"/>
						<line number="287" hits="4" branch="true" condition-coverage="100% (2/2)">
							<conditions>
								<condition number="0" type="jump" coverage="100%"/>
							</conditions>
						</line>
						<line number="288" hits="2" branch="false"/>
						<line number="289" hits="2" branch="false"/>
						<line number="290" hits="2" branch="false"/>
						<line number="292" hits="2" branch="true" condition-coverage="50% (1/2)">
							<conditions>
								<condition number="0" type="jump" coverage="50%"/>
							</conditions>
						</line>
						<line number="293" hits="2" branch="false"/>
						<line number="294" hits="2" branch="false"/>
						<line number="295" hits="2" branch="false"/>
						<line number="296" hits="2" branch="false"/>
						<line number="297" hits="0" branch="false"/>
						<line number="302" hits="2" branch="false"/>
						<line number="312" hits="84" branch="false"/>
						<line number="316" hits="84" branch="false"/>
						<line number="319" hits="84" branch="false"/>
						<line number="321" hits="84" branch="false"/>
						<line number="322" hits="84" branch="false"/>
						<line number="323" hits="84" branch="false"/>
						<line number="324" hits="0" branch="false"/>
						<line number="325" hits="0" branch="false"/>
						<line number="326" hits="0" branch="false"/>
						<line number="327" hits="84" branch="false"/>
						<line number="329" hits="84" branch="false"/>
						<line number="331" hits="84" branch="false"/>
						<line number="332" hits="86" branch="true" condition-coverage="100% (2/2)">
							<conditions>
								<condition number="0" type="jump" coverage="100%"/>
							</conditions>
						</line>
						<line number="333" hits="2" branch="false"/>
						<line number="336" hits="84" branch="false"/>
						<line number="340" hits="84" branch="false"/>
						<line number="342" hits="84" branch="false"/>
						<line number="343" hits="84" branch="false"/>
						<line number="345" hits="423" branch="true" condition-coverage="100% (2/2)">
							<conditions>
								<condition number="0" type="jump" coverage="100%"/>
							</conditions>
						</line>
						<line number="346" hits="339" branch="false"/>
						<line number="348" hits="339" branch="true" condition-coverage="100% (2/2)">
							<conditions>
								<condition number="0" type="jump" coverage="100%"/>
							</conditions>
						</line>
						<line number="349" hits="131" branch="false"/>
						<line number="350" hits="131" branch="false"/>
						<line number="352" hits="131" branch="true" condition-coverage="100% (2/2)">
							<conditions>
								<condition number="0" type="jump" coverage="100%"/>
							</conditions>
						</line>
						<line number="353" hits="2" branch="true" condition-coverage="50% (1/2)">
							<conditions>
								<condition number="0" type="jump" coverage="50%"/>
							</conditions>
						</line>
						<line number="354" hits="2" branch="false"/>
						<line number="357" hits="129" branch="true" condition-coverage="100% (2/2)">
							<conditions>
								<condition number="0" type="jump" coverage="100%"/>
							</conditions>
						</line>
						<line number="358" hits="50" branch="false"/>
						<line number="359" hits="50" branch="false"/>
						<line number="360" hits="50" branch="false"/>
						<line number="362" hits="50" branch="true" condition-coverage="100% (2/2)">
							<conditions>
								<condition number="0" type="jump" coverage="100%"/>
							</conditions>
						</line>
						<line number="363" hits="65" branch="false"/>
						<line number="364" hits="65" branch="false"/>
						<line number="365" hits="65" branch="false"/>
						<line number="367" hits="65" branch="true" condition-coverage="100% (2/2)">
							<conditions>
								<condition number="0" type="jump" coverage="100%"/>
							</conditions>
						</line>
						<line number="368" hits="2" branch="false"/>
						<line number="369" hits="2" branch="false"/>
						<line number="370" hits="2" branch="true" condition-coverage="50% (1/2)">
							<conditions>
								<condition number="0" type="jump" coverage="50%"/>
							</conditions>
						</line>
						<line number="371" hits="12" branch="false"/>
						<line number="373" hits="0" branch="false"/>
						<line number="378" hits="84" branch="true" condition-coverage="50% (1/2)">
							<conditions>
								<condition number="0" type="jump" coverage="50%"/>
							</conditions>
						</line>
						<line number="380" hits="84" branch="true" condition-coverage="75% (3/4)">
							<conditions>
								<condition number="0" type="jump" coverage="50%"/>
								<condition number="1" type="jump" coverage="100%"/>
							</conditions>
						</line>
						<line number="381" hits="2" branch="false"/>
						<line number="384" hits="84" branch="true" condition-coverage="100% (2/2)">
							<conditions>
								<condition number="0" type="jump" coverage="100%"/>
							</conditions>
						</line>
						<line number="385" hits="2" branch="false"/>
						<line number="389" hits="84" branch="false"/>
						<line number="390" hits="84" branch="false"/>
						<line number="391" hits="84" branch="false"/>
						<line number="401" hits="2" branch="false"/>
						<line number="402" hits="2" branch="false"/>
						<line number="405" hits="2" branch="false"/>
						<line number="406" hits="2" branch="false"/>
						<line number="407" hits="0" branch="false"/>
						<line number="408" hits="0" branch="false"/>
						<line number="409" hits="0" branch="true" condition-coverage="0% (0/2)">
							<conditions>
								<condition number="0" type="jump" coverage="0%"/>
							</conditions>
						</line>
						<line number="410" hits="0" branch="false"/>
						<line number="412" hits="2" branch="false"/>
						<line number="413" hits="2" branch="false"/>
						<line number="414" hits="2" branch="false"/>
						<line number="423" hits="186" branch="false"/>
						<line number="425" hits="186" branch="false"/>
						<line number="426" hits="186" branch="false"/>
						<line number="428" hits="751" branch="true" condition-coverage="100% (2/2)">
							<conditions>
								<condition number="0" type="jump" coverage="100%"/>
							</conditions>
						</line>
						<line number="429" hits="565" branch="false"/>
						<line number="431" hits="565" branch="true" condition-coverage="100% (2/2)">
							<conditions>
								<condition number="0" type="jump" coverage="100%"/>
							</conditions>
						</line>
						<line number="432" hits="193" branch="false"/>
						<line number="433" hits="193" branch="false"/>
						<line number="435" hits="193" branch="true" condition-coverage="100% (2/2)">
							<conditions>
								<condition number="0" type="jump" coverage="100%"/>
							</conditions>
						</line>
						<line number="436" hits="2" branch="false"/>
						<line number="437" hits="2" branch="false"/>
						<line number="438" hits="2" branch="false"/>
						<line number="443" hits="186" branch="false"/>
						<line number="455" hits="30" branch="false"/>
						<line number="456" hits="30" branch="false"/>
						<line number="457" hits="30" branch="false"/>
						<line number="461" hits="30" branch="false"/>
						<line number="464" hits="30" branch="false"/>
						<line number="465" hits="30" branch="false"/>
						<line number="466" hits="112" branch="true" condition-coverage="100% (2/2)">
							<conditions>
								<condition number="0" type="jump" coverage="100%"/>
							</conditions>
						</line>
						<line number="467" hits="82" branch="false"/>
						<line number="468" hits="82" branch="false"/>
						<line number="470" hits="82" branch="false"/>
						<line number="471" hits="82" branch="true" condition-coverage="50% (1/2)">
							<conditions>
								<condition number="0" type="jump" coverage="50%"/>
							</conditions>
						</line>
						<line number="472" hits="82" branch="false"/>
						<line number="473" hits="82" branch="false"/>
						<line number="477" hits="30" branch="false"/>
						<line number="478" hits="30" branch="false"/>
						<line number="480" hits="30" branch="false"/>
						<line number="483" hits="30" branch="false"/>
						<line number="484" hits="436" branch="true" condition-coverage="100% (2/2)">
							<conditions>
								<condition number="0" type="jump" coverage="100%"/>
							</conditions>
						</line>
						<line number="485" hits="406" branch="false"/>
						<line number="486" hits="406" branch="true" condition-coverage="100% (2/2)">
							<conditions>
								<condition number="0" type="jump" coverage="100%"/>
							</conditions>
						</line>
						<line number="487" hits="187" branch="false"/>
						<line number="488" hits="187" branch="false"/>
						<line number="490" hits="187" branch="true" condition-coverage="100% (2/2)">
							<conditions>
								<condition number="0" type="jump" coverage="100%"/>
							</conditions>
						</line>
						<line number="491" hits="1" branch="false"/>
						<line number="492" hits="1" branch="true" condition-coverage="50% (1/2)">
							<conditions>
								<condition number="0" type="jump" coverage="50%"/>
							</conditions>
						</line>
						<line number="493" hits="1" branch="false"/>
						<line number="495" hits="1" branch="true" condition-coverage="50% (1/2)">
							<conditions>
								<condition number="0" type="jump" coverage="50%"/>
							</conditions>
						</line>
						<line number="496" hits="0" branch="false"/>
						<line number="497" hits="186" branch="true" condition-coverage="100% (2/2)">
							<conditions>
								<condition number="0" type="jump" coverage="100%"/>
							</conditions>
						</line>
						<line number="498" hits="82" branch="false"/>
						<line number="499" hits="104" branch="true" condition-coverage="100% (2/2)">
							<conditions>
								<condition number="0" type="jump" coverage="100%"/>
							</conditions>
						</line>
						<line number="500" hits="50" branch="false"/>
						<line number="501" hits="54" branch="true" condition-coverage="100% (2/2)">
							<conditions>
								<condition number="0" type="jump" coverage="100%"/>
							</conditions>
						</line>
						<line number="502" hits="52" branch="false"/>
						<line number="504" hits="2" branch="false"/>
						<line number="508" hits="30" branch="false"/>
						<line number="519" hits="2" branch="false"/>
						<line number="521" hits="2" branch="true" condition-coverage="50% (1/2)">
							<conditions>
								<condition number="0" type="jump" coverage="50%"/>
							</conditions>
						</line>
						<line number="522" hits="0" branch="false"/>
						<line number="525" hits="2" branch="false"/>
						<line number="527" hits="2" branch="true" condition-coverage="50% (1/2)">
							<conditions>
								<condition number="0" type="jump" coverage="50%"/>
							</conditions>
						</line>
						<line number="528" hits="0" branch="false"/>
						<line number="529" hits="0" branch="false"/>
						<line number="532" hits="2" branch="false"/>
						<line number="533" hits="2" branch="false"/>
						<line number="534" hits="2" branch="false"/>
						<line number="544" hits="2" branch="false"/>
						<line number="545" hits="2" branch="false"/>
						<line number="546" hits="2" branch="false"/>
						<line number="557" hits="52" branch="false"/>
						<line number="561" hits="52" branch="false"/>
						<line number="564" hits="52" branch="false"/>
						<line number="566" hits="52" branch="false"/>
						<line number="567" hits="52" branch="false"/>
						<line number="568" hits="52" branch="false"/>
						<line number="569" hits="0" branch="false"/>
						<line number="570" hits="0" branch="false"/>
						<line number="571" hits="0" branch="false"/>
						<line number="572" hits="0" branch="false"/>
						<line number="573" hits="0" branch="false"/>
						<line number="576" hits="0" branch="false"/>
						<line number="577" hits="52" branch="false"/>
						<line number="580" hits="52" branch="false"/>
						<line number="582" hits="52" branch="false"/>
						<line number="586" hits="52" branch="false"/>
						<line number="588" hits="52" branch="false"/>
						<line number="589" hits="52" branch="false"/>
						<line number="591" hits="168" branch="true" condition-coverage="100% (2/2)">
							<conditions>
								<condition number="0" type="jump" coverage="100%"/>
							</conditions>
						</line>
						<line number="592" hits="116" branch="false"/>
						<line number="594" hits="116" branch="true" condition-coverage="100% (2/2)">
							<conditions>
								<condition number="0" type="jump" coverage="100%"/>
							</conditions>
						</line>
						<line number="595" hits="32" branch="false"/>
						<line number="596" hits="32" branch="false"/>
						<line number="599" hits="32" branch="true" condition-coverage="50% (1/2)">
							<conditions>
								<condition number="0" type="jump" coverage="50%"/>
							</conditions>
						</line>
						<line number="600" hits="0" branch="true" condition-coverage="0% (0/2)">
							<conditions>
								<condition number="0" type="jump" coverage="0%"/>
							</conditions>
						</line>
						<line number="601" hits="0" branch="false"/>
						<line number="604" hits="32" branch="true" condition-coverage="50% (1/2)">
							<conditions>
								<condition number="0" type="jump" coverage="50%"/>
							</conditions>
						</line>
						<line number="605" hits="32" branch="false"/>
						<line number="606" hits="32" branch="false"/>
						<line number="607" hits="32" branch="false"/>
						<line number="609" hits="32" branch="true" condition-coverage="0% (0/2)">
							<conditions>
								<condition number="0" type="jump" coverage="0%"/>
							</conditions>
						</line>
						<line number="610" hits="0" branch="false"/>
						<line number="611" hits="0" branch="true" condition-coverage="0% (0/2)">
							<conditions>
								<condition number="0" type="jump" coverage="0%"/>
							</conditions>
						</line>
						<line number="612" hits="0" branch="false"/>
						<line number="613" hits="0" branch="false"/>
						<line number="614" hits="0" branch="false"/>
						<line number="615" hits="0" branch="false"/>
						<line number="620" hits="52" branch="false"/>
						<line number="621" hits="52" branch="true" condition-coverage="100% (2/2)">
							<conditions>
								<condition number="0" type="jump" coverage="100%"/>
							</conditions>
						</line>
						<line number="622" hits="52" branch="true" condition-coverage="100% (2/2)">
							<conditions>
								<condition number="0" type="jump" coverage="100%"/>
							</conditions>
						</line>
						<line number="623" hits="1" branch="true" condition-coverage="50% (1/2)">
							<conditions>
								<condition number="0" type="jump" coverage="50%"/>
							</conditions>
						</line>
						<line number="624" hits="1" branch="false"/>
						<line number="626" hits="0" branch="false"/>
						<line number="631" hits="52" branch="true" condition-coverage="50% (1/2)">
							<conditions>
								<condition number="0" type="jump" coverage="50%"/>
							</conditions>
						</line>
						<line number="632" hits="0" branch="false"/>
						<line number="634" hits="52" branch="false"/>
						<line number="636" hits="52" branch="false"/>
						<line number="647" hits="1" branch="false"/>
						<line number="651" hits="1" branch="false"/>
						<line number="652" hits="1" branch="true" condition-coverage="50% (1/2)">
							<conditions>
								<condition number="0" type="jump" coverage="50%"/>
							</conditions>
						</line>
						<line number="653" hits="0" branch="false"/>
						<line number="656" hits="1" branch="false"/>
						<line number="658" hits="1" branch="false"/>
						<line number="659" hits="1" branch="false"/>
						<line number="660" hits="1" branch="false"/>
						<line number="661" hits="0" branch="false"/>
						<line number="662" hits="0" branch="false"/>
						<line number="663" hits="0" branch="false"/>
						<line number="664" hits="0" branch="false"/>
						<line number="665" hits="0" branch="false"/>
						<line number="668" hits="0" branch="false"/>
						<line number="669" hits="1" branch="false"/>
						<line number="674" hits="1" branch="false"/>
						<line number="676" hits="1" branch="false"/>
						<line number="677" hits="1" branch="false"/>
						<line number="679" hits="6" branch="true" condition-coverage="100% (2/2)">
							<conditions>
								<condition number="0" type="jump" coverage="100%"/>
							</conditions>
						</line>
						<line number="680" hits="5" branch="false"/>
						<line number="682" hits="5" branch="true" condition-coverage="100% (2/2)">
							<conditions>
								<condition number="0" type="jump" coverage="100%"/>
							</conditions>
						</line>
						<line number="683" hits="2" branch="false"/>
						<line number="684" hits="2" branch="false"/>
						<line number="686" hits="2" branch="true" condition-coverage="50% (1/2)">
							<conditions>
								<condition number="0" type="jump" coverage="50%"/>
							</conditions>
						</line>
						<line number="687" hits="2" branch="false"/>
						<line number="688" hits="2" branch="false"/>
						<line number="689" hits="2" branch="false"/>
						<line number="690" hits="2" branch="false"/>
						<line number="691" hits="0" branch="false"/>
						<line number="695" hits="1" branch="false"/>
						<line number="697" hits="1" branch="false"/>
						<line number="708" hits="50" branch="false"/>
						<line number="712" hits="50" branch="false"/>
						<line number="715" hits="50" branch="false"/>
						<line number="717" hits="50" branch="false"/>
						<line number="718" hits="50" branch="false"/>
						<line number="719" hits="50" branch="false"/>
						<line number="720" hits="0" branch="false"/>
						<line number="721" hits="0" branch="false"/>
						<line number="723" hits="0" branch="false"/>
						<line number="724" hits="0" branch="false"/>
						<line number="725" hits="0" branch="false"/>
						<line number="727" hits="0" branch="false"/>
						<line number="728" hits="50" branch="false"/>
						<line number="731" hits="50" branch="false"/>
						<line number="733" hits="50" branch="false"/>
						<line number="737" hits="50" branch="false"/>
						<line number="739" hits="50" branch="false"/>
						<line number="740" hits="50" branch="false"/>
						<line number="742" hits="160" branch="true" condition-coverage="100% (2/2)">
							<conditions>
								<condition number="0" type="jump" coverage="100%"/>
							</conditions>
						</line>
						<line number="743" hits="110" branch="false"/>
						<line number="745" hits="110" branch="true" condition-coverage="100% (2/2)">
							<conditions>
								<condition number="0" type="jump" coverage="100%"/>
							</conditions>
						</line>
						<line number="746" hits="30" branch="false"/>
						<line number="747" hits="30" branch="false"/>
						<line number="749" hits="30" branch="true" condition-coverage="50% (1/2)">
							<conditions>
								<condition number="0" type="jump" coverage="50%"/>
							</conditions>
						</line>
						<line number="750" hits="0" branch="true" condition-coverage="0% (0/2)">
							<conditions>
								<condition number="0" type="jump" coverage="0%"/>
							</conditions>
						</line>
						<line number="751" hits="0" branch="false"/>
						<line number="754" hits="30" branch="true" condition-coverage="50% (1/2)">
							<conditions>
								<condition number="0" type="jump" coverage="50%"/>
							</conditions>
						</line>
						<line number="755" hits="30" branch="false"/>
						<line number="756" hits="30" branch="false"/>
						<line number="757" hits="30" branch="false"/>
						<line number="759" hits="30" branch="true" condition-coverage="0% (0/2)">
							<conditions>
								<condition number="0" type="jump" coverage="0%"/>
							</conditions>
						</line>
						<line number="760" hits="0" branch="false"/>
						<line number="761" hits="0" branch="true" condition-coverage="0% (0/2)">
							<conditions>
								<condition number="0" type="jump" coverage="0%"/>
							</conditions>
						</line>
						<line number="762" hits="0" branch="false"/>
						<line number="763" hits="0" branch="false"/>
						<line number="764" hits="0" branch="false"/>
						<line number="765" hits="0" branch="false"/>
						<line number="770" hits="50" branch="true" condition-coverage="50% (1/2)">
							<conditions>
								<condition number="0" type="jump" coverage="50%"/>
							</conditions>
						</line>
						<line number="771" hits="0" branch="false"/>
						<line number="773" hits="50" branch="false"/>
						<line number="775" hits="50" branch="false"/>
						<line number="786" hits="80" branch="false"/>
						<line number="788" hits="80" branch="true" condition-coverage="100% (2/2)">
							<conditions>
								<condition number="0" type="jump" coverage="100%"/>
							</conditions>
						</line>
						<line number="789" hits="30" branch="false"/>
						<line number="792" hits="50" branch="false"/>
						<line number="794" hits="50" branch="true" condition-coverage="50% (1/2)">
							<conditions>
								<condition number="0" type="jump" coverage="50%"/>
							</conditions>
						</line>
						<line number="795" hits="0" branch="false"/>
						<line number="796" hits="0" branch="false"/>
						<line number="799" hits="50" branch="false"/>
						<line number="800" hits="50" branch="false"/>
						<line number="801" hits="50" branch="false"/>
						<line number="813" hits="97" branch="false"/>
						<line number="815" hits="97" branch="true" condition-coverage="100% (2/2)">
							<conditions>
								<condition number="0" type="jump" coverage="100%"/>
							</conditions>
						</line>
						<line number="816" hits="45" branch="false"/>
						<line number="819" hits="52" branch="false"/>
						<line number="821" hits="52" branch="true" condition-coverage="50% (1/2)">
							<conditions>
								<condition number="0" type="jump" coverage="50%"/>
							</conditions>
						</line>
						<line number="822" hits="0" branch="false"/>
						<line number="823" hits="0" branch="false"/>
						<line number="826" hits="52" branch="false"/>
						<line number="827" hits="52" branch="false"/>
						<line number="828" hits="52" branch="false"/>
						<line number="838" hits="97" branch="false"/>
						<line number="839" hits="97" branch="false"/>
						<line number="840" hits="97" branch="false"/>
						<line number="851" hits="80" branch="false"/>
						<line number="852" hits="80" branch="false"/>
						<line number="853" hits="80" branch="false"/>
						<line number="863" hits="104" branch="false"/>
						<line number="864" hits="104" branch="false"/>
						<line number="865" hits="199" branch="true" condition-coverage="50% (1/2)">
							<conditions>
								<condition number="0" type="jump" coverage="50%"/>
							</conditions>
						</line>
						<line number="866" hits="199" branch="false"/>
						<line number="867" hits="199" branch="false"/>
						<line number="868" hits="199" branch="false"/>
						<line number="869" hits="199" branch="true" condition-coverage="100% (2/2)">
							<conditions>
								<condition number="0" type="jump" coverage="100%"/>
							</conditions>
						</line>
						<line number="870" hits="104" branch="false"/>
						<line number="871" hits="104" branch="false"/>
						<line number="875" hits="104" branch="false"/>
						<line number="894" hits="0" branch="true" condition-coverage="0% (0/2)">
							<conditions>
								<condition number="0" type="jump" coverage="0%"/>
							</conditions>
						</line>
						<line number="906" hits="148" branch="true" condition-coverage="100% (2/2)">
							<conditions>
								<condition number="0" type="jump" coverage="100%"/>
							</conditions>
						</line>
						<line number="907" hits="1" branch="false"/>
						<line number="910" hits="147" branch="true" condition-coverage="100% (2/2)">
							<conditions>
								<condition number="0" type="jump" coverage="100%"/>
							</conditions>
						</line>
						<line number="912" hits="2" branch="false"/>
						<line number="913" hits="2" branch="true" condition-coverage="50% (1/2)">
							<conditions>
								<condition number="0" type="jump" coverage="50%"/>
							</conditions>
						</line>
						<line number="915" hits="2" branch="false"/>
						<line number="919" hits="2" branch="false"/>
						<line number="920" hits="4" branch="true" condition-coverage="100% (2/2)">
							<conditions>
								<condition number="0" type="jump" coverage="100%"/>
							</conditions>
						</line>
						<line number="921" hits="2" branch="false"/>
						<line number="922" hits="2" branch="false"/>
						<line number="924" hits="2" branch="false"/>
						<line number="926" hits="2" branch="true" condition-coverage="50% (1/2)">
							<conditions>
								<condition number="0" type="jump" coverage="50%"/>
							</conditions>
						</line>
						<line number="929" hits="2" branch="false"/>
						<line number="931" hits="2" branch="false"/>
						<line number="932" hits="2" branch="false"/>
						<line number="933" hits="0" branch="false"/>
						<line number="934" hits="0" branch="false"/>
						<line number="935" hits="0" branch="false"/>
						<line number="939" hits="145" branch="true" condition-coverage="100% (4/4)">
							<conditions>
								<condition number="0" type="jump" coverage="100%"/>
								<condition number="1" type="jump" coverage="100%"/>
							</conditions>
						</line>
						<line number="940" hits="9" branch="false"/>
						<line number="941" hits="136" branch="true" condition-coverage="50% (2/4)">
							<conditions>
								<condition number="0" type="jump" coverage="50%"/>
								<condition number="1" type="jump" coverage="50%"/>
							</conditions>
						</line>
						<line number="942" hits="136" branch="false"/>
						<line number="944" hits="0" branch="false"/>
						<line number="959" hits="0" branch="false"/>
						<line number="960" hits="0" branch="false"/>
						<line number="963" hits="189" branch="false"/>
					</lines>
				</class>
				<class name="org.settings4j.config.DOMConfigurator$1" filename="org/settings4j/config/DOMConfigurator.java" line-rate="0.6666666666666666" branch-rate="1.0" complexity="4.821428571428571">
					<methods>
						<method name="&lt;init&gt;" signature="(Lorg/settings4j/config/DOMConfigurator;Ljava/net/URL;)V" line-rate="1.0" branch-rate="1.0">
							<lines>
								<line number="187" hits="30" branch="false"/>
							</lines>
						</method>
						<method name="parse" signature="(Ljavax/xml/parsers/DocumentBuilder;)Lorg/w3c/dom/Document;" line-rate="1.0" branch-rate="1.0">
							<lines>
								<line number="190" hits="30" branch="false"/>
							</lines>
						</method>
						<method name="toString" signature="()Ljava/lang/String;" line-rate="0.0" branch-rate="1.0">
							<lines>
								<line number="194" hits="0" branch="false"/>
							</lines>
						</method>
					</methods>
					<lines>
						<line number="187" hits="30" branch="false"/>
						<line number="190" hits="30" branch="false"/>
						<line number="194" hits="0" branch="false"/>
					</lines>
				</class>
				<class name="org.settings4j.config.DOMConfigurator$ParseAction" filename="org/settings4j/config/DOMConfigurator.java" line-rate="1.0" branch-rate="1.0" complexity="4.821428571428571">
					<methods>
					</methods>
					<lines>
					</lines>
				</class>
				<class name="org.settings4j.config.SAXErrorHandler" filename="org/settings4j/config/SAXErrorHandler.java" line-rate="0.6666666666666666" branch-rate="1.0" complexity="1.0">
					<methods>
						<method name="&lt;clinit&gt;" signature="()V" line-rate="1.0" branch-rate="1.0">
							<lines>
								<line number="31" hits="1" branch="false"/>
							</lines>
						</method>
						<method name="&lt;init&gt;" signature="()V" line-rate="1.0" branch-rate="1.0">
							<lines>
								<line number="28" hits="30" branch="false"/>
							</lines>
						</method>
						<method name="class$" signature="(Ljava/lang/String;)Ljava/lang/Class;" line-rate="1.0" branch-rate="1.0">
							<lines>
								<line number="32" hits="1" branch="false"/>
							</lines>
						</method>
						<method name="emitMessage" signature="(Ljava/lang/String;Lorg/xml/sax/SAXParseException;)V" line-rate="1.0" branch-rate="1.0">
							<lines>
								<line number="50" hits="5" branch="false"/>
								<line number="51" hits="5" branch="false"/>
								<line number="52" hits="5" branch="false"/>
							</lines>
						</method>
						<method name="error" signature="(Lorg/xml/sax/SAXParseException;)V" line-rate="1.0" branch-rate="1.0">
							<lines>
								<line number="36" hits="5" branch="false"/>
								<line number="37" hits="5" branch="false"/>
							</lines>
						</method>
						<method name="fatalError" signature="(Lorg/xml/sax/SAXParseException;)V" line-rate="0.0" branch-rate="1.0">
							<lines>
								<line number="41" hits="0" branch="false"/>
								<line number="42" hits="0" branch="false"/>
							</lines>
						</method>
						<method name="warning" signature="(Lorg/xml/sax/SAXParseException;)V" line-rate="0.0" branch-rate="1.0">
							<lines>
								<line number="46" hits="0" branch="false"/>
								<line number="47" hits="0" branch="false"/>
							</lines>
						</method>
					</methods>
					<lines>
						<line number="28" hits="30" branch="false"/>
						<line number="31" hits="1" branch="false"/>
						<line number="32" hits="1" branch="false"/>
						<line number="36" hits="5" branch="false"/>
						<line number="37" hits="5" branch="false"/>
						<line number="41" hits="0" branch="false"/>
						<line number="42" hits="0" branch="false"/>
						<line number="46" hits="0" branch="false"/>
						<line number="47" hits="0" branch="false"/>
						<line number="50" hits="5" branch="false"/>
						<line number="51" hits="5" branch="false"/>
						<line number="52" hits="5" branch="false"/>
					</lines>
				</class>
				<class name="org.settings4j.config.Settings4jEntityResolver" filename="org/settings4j/config/Settings4jEntityResolver.java" line-rate="0.7272727272727273" branch-rate="0.5" complexity="4.0">
					<methods>
						<method name="&lt;clinit&gt;" signature="()V" line-rate="1.0" branch-rate="1.0">
							<lines>
								<line number="34" hits="1" branch="false"/>
							</lines>
						</method>
						<method name="&lt;init&gt;" signature="()V" line-rate="1.0" branch-rate="1.0">
							<lines>
								<line number="31" hits="30" branch="false"/>
							</lines>
						</method>
						<method name="class$" signature="(Ljava/lang/String;)Ljava/lang/Class;" line-rate="1.0" branch-rate="1.0">
							<lines>
								<line number="35" hits="1" branch="false"/>
							</lines>
						</method>
						<method name="resolveEntity" signature="(Ljava/lang/String;Ljava/lang/String;)Lorg/xml/sax/InputSource;" line-rate="0.625" branch-rate="0.5">
							<lines>
								<line number="39" hits="30" branch="true" condition-coverage="50% (1/2)">
									<conditions>
										<condition number="0" type="jump" coverage="50%"/>
									</conditions>
								</line>
								<line number="40" hits="30" branch="false"/>
								<line number="41" hits="30" branch="false"/>
								<line number="42" hits="30" branch="true" condition-coverage="50% (1/2)">
									<conditions>
										<condition number="0" type="jump" coverage="50%"/>
									</conditions>
								</line>
								<line number="43" hits="0" branch="false"/>
								<line number="45" hits="0" branch="false"/>
								<line number="47" hits="30" branch="false"/>
								<line number="50" hits="0" branch="false"/>
							</lines>
						</method>
					</methods>
					<lines>
						<line number="31" hits="30" branch="false"/>
						<line number="34" hits="1" branch="false"/>
						<line number="35" hits="1" branch="false"/>
						<line number="39" hits="30" branch="true" condition-coverage="50% (1/2)">
							<conditions>
								<condition number="0" type="jump" coverage="50%"/>
							</conditions>
						</line>
						<line number="40" hits="30" branch="false"/>
[...]
							<lines>
								<line number="72" hits="0" branch="false"/>
							</lines>
						</method>
						<method name="getConnectors" signature="()Ljava/util/List;" line-rate="0.0" branch-rate="1.0">
							<lines>
								<line number="42" hits="0" branch="false"/>
							</lines>
						</method>
						<method name="getContent" signature="(Ljava/lang/String;)[B" line-rate="0.0" branch-rate="1.0">
							<lines>
								<line number="47" hits="0" branch="false"/>
							</lines>
						</method>
						<method name="getMapping" signature="()Ljava/util/Map;" line-rate="0.0" branch-rate="1.0">
							<lines>
								<line number="62" hits="0" branch="false"/>
							</lines>
						</method>
						<method name="getObject" signature="(Ljava/lang/String;)Ljava/lang/Object;" line-rate="0.0" branch-rate="1.0">
							<lines>
								<line number="52" hits="0" branch="false"/>
							</lines>
						</method>
						<method name="getString" signature="(Ljava/lang/String;)Ljava/lang/String;" line-rate="0.0" branch-rate="1.0">
							<lines>
								<line number="57" hits="0" branch="false"/>
							</lines>
						</method>
						<method name="removeAllConnectors" signature="()V" line-rate="0.0" branch-rate="1.0">
							<lines>
								<line number="38" hits="0" branch="false"/>
							</lines>
						</method>
						<method name="setMapping" signature="(Ljava/util/Map;)V" line-rate="0.0" branch-rate="1.0">
							<lines>
								<line number="68" hits="0" branch="false"/>
							</lines>
						</method>
					</methods>
					<lines>
						<line number="28" hits="0" branch="false"/>
						<line number="33" hits="0" branch="false"/>
						<line number="38" hits="0" branch="false"/>
						<line number="42" hits="0" branch="false"/>
						<line number="47" hits="0" branch="false"/>
						<line number="52" hits="0" branch="false"/>
						<line number="57" hits="0" branch="false"/>
						<line number="62" hits="0" branch="false"/>
						<line number="68" hits="0" branch="false"/>
						<line number="72" hits="0" branch="false"/>
					</lines>
				</class>
				<class name="org.settings4j.settings.nop.NOPSettingsRepository" filename="org/settings4j/settings/nop/NOPSettingsRepository.java" line-rate="0.0" branch-rate="1.0" complexity="1.0">
					<methods>
						<method name="&lt;init&gt;" signature="()V" line-rate="0.0" branch-rate="1.0">
							<lines>
								<line number="26" hits="0" branch="false"/>
							</lines>
						</method>
						<method name="getConnectorCount" signature="()I" line-rate="0.0" branch-rate="1.0">
							<lines>
								<line number="39" hits="0" branch="false"/>
							</lines>
						</method>
						<method name="getSettings" signature="()Lorg/settings4j/Settings4jInstance;" line-rate="0.0" branch-rate="1.0">
							<lines>
								<line number="29" hits="0" branch="false"/>
							</lines>
						</method>
						<method name="getSettings" signature="(Lorg/settings4j/Settings4jFactory;)Lorg/settings4j/Settings4jInstance;" line-rate="0.0" branch-rate="1.0">
							<lines>
								<line number="34" hits="0" branch="false"/>
							</lines>
						</method>
						<method name="resetConfiguration" signature="()V" line-rate="0.0" branch-rate="1.0">
							<lines>
								<line number="45" hits="0" branch="false"/>
							</lines>
						</method>
					</methods>
					<lines>
						<line number="26" hits="0" branch="false"/>
						<line number="29" hits="0" branch="false"/>
						<line number="34" hits="0" branch="false"/>
						<line number="39" hits="0" branch="false"/>
						<line number="45" hits="0" branch="false"/>
					</lines>
				</class>
			</classes>
		</package>
		<package name="org.settings4j.util" line-rate="0.9230769230769231" branch-rate="0.5714285714285714" complexity="2.3076923076923075">
			<classes>
				<class name="org.settings4j.util.ELConnectorWrapper" filename="org/settings4j/util/ELConnectorWrapper.java" line-rate="1.0" branch-rate="1.0" complexity="2.7142857142857144">
					<methods>
						<method name="&lt;init&gt;" signature="([Lorg/settings4j/Connector;)V" line-rate="1.0" branch-rate="1.0">
							<lines>
								<line number="47" hits="5" branch="false"/>
								<line number="48" hits="5" branch="false"/>
								<line number="49" hits="5" branch="false"/>
							</lines>
						</method>
						<method name="access$000" signature="(Lorg/settings4j/util/ELConnectorWrapper;)[Lorg/settings4j/Connector;" line-rate="1.0" branch-rate="1.0">
							<lines>
								<line number="37" hits="10" branch="false"/>
							</lines>
						</method>
						<method name="getContent" signature="()Ljava/util/Map;" line-rate="1.0" branch-rate="1.0">
							<lines>
								<line number="83" hits="1" branch="false"/>
								<line number="98" hits="1" branch="false"/>
							</lines>
						</method>
						<method name="getObject" signature="()Ljava/util/Map;" line-rate="1.0" branch-rate="1.0">
							<lines>
								<line number="108" hits="3" branch="false"/>
								<line number="123" hits="3" branch="false"/>
							</lines>
						</method>
						<method name="getString" signature="()Ljava/util/Map;" line-rate="1.0" branch-rate="1.0">
							<lines>
								<line number="58" hits="1" branch="false"/>
								<line number="73" hits="1" branch="false"/>
							</lines>
						</method>
					</methods>
					<lines>
						<line number="37" hits="10" branch="false"/>
						<line number="47" hits="5" branch="false"/>
						<line number="48" hits="5" branch="false"/>
						<line number="49" hits="5" branch="false"/>
						<line number="58" hits="1" branch="false"/>
						<line number="73" hits="1" branch="false"/>
						<line number="83" hits="1" branch="false"/>
						<line number="98" hits="1" branch="false"/>
						<line number="108" hits="3" branch="false"/>
						<line number="123" hits="3" branch="false"/>
					</lines>
				</class>
				<class name="org.settings4j.util.ELConnectorWrapper$1" filename="org/settings4j/util/ELConnectorWrapper.java" line-rate="0.875" branch-rate="0.5" complexity="2.7142857142857144">
					<methods>
						<method name="&lt;init&gt;" signature="(Lorg/settings4j/util/ELConnectorWrapper;)V" line-rate="1.0" branch-rate="1.0">
							<lines>
								<line number="58" hits="1" branch="false"/>
							</lines>
						</method>
						<method name="transform" signature="(Ljava/lang/Object;)Ljava/lang/Object;" line-rate="0.8571428571428571" branch-rate="0.5">
							<lines>
								<line number="61" hits="1" branch="true" condition-coverage="50% (1/2)">
									<conditions>
										<condition number="0" type="jump" coverage="50%"/>
									</conditions>
								</line>
								<line number="62" hits="1" branch="false"/>
								<line number="63" hits="1" branch="true" condition-coverage="50% (1/2)">
									<conditions>
										<condition number="0" type="jump" coverage="50%"/>
									</conditions>
								</line>
								<line number="64" hits="1" branch="false"/>
								<line number="65" hits="1" branch="true" condition-coverage="50% (1/2)">
									<conditions>
										<condition number="0" type="jump" coverage="50%"/>
									</conditions>
								</line>
								<line number="66" hits="1" branch="false"/>
								<line number="70" hits="0" branch="false"/>
							</lines>
						</method>
					</methods>
					<lines>
						<line number="58" hits="1" branch="false"/>
						<line number="61" hits="1" branch="true" condition-coverage="50% (1/2)">
							<conditions>
								<condition number="0" type="jump" coverage="50%"/>
							</conditions>
						</line>
						<line number="62" hits="1" branch="false"/>
						<line number="63" hits="1" branch="true" condition-coverage="50% (1/2)">
							<conditions>
								<condition number="0" type="jump" coverage="50%"/>
							</conditions>
						</line>
						<line number="64" hits="1" branch="false"/>
						<line number="65" hits="1" branch="true" condition-coverage="50% (1/2)">
							<conditions>
								<condition number="0" type="jump" coverage="50%"/>
							</conditions>
						</line>
						<line number="66" hits="1" branch="false"/>
						<line number="70" hits="0" branch="false"/>
					</lines>
				</class>
				<class name="org.settings4j.util.ELConnectorWrapper$2" filename="org/settings4j/util/ELConnectorWrapper.java" line-rate="0.875" branch-rate="0.5" complexity="2.7142857142857144">
					<methods>
						<method name="&lt;init&gt;" signature="(Lorg/settings4j/util/ELConnectorWrapper;)V" line-rate="1.0" branch-rate="1.0">
							<lines>
								<line number="83" hits="1" branch="false"/>
							</lines>
						</method>
						<method name="transform" signature="(Ljava/lang/Object;)Ljava/lang/Object;" line-rate="0.8571428571428571" branch-rate="0.5">
							<lines>
								<line number="86" hits="1" branch="true" condition-coverage="50% (1/2)">
									<conditions>
										<condition number="0" type="jump" coverage="50%"/>
									</conditions>
								</line>
								<line number="87" hits="1" branch="false"/>
								<line number="88" hits="1" branch="true" condition-coverage="50% (1/2)">
									<conditions>
										<condition number="0" type="jump" coverage="50%"/>
									</conditions>
								</line>
								<line number="89" hits="1" branch="false"/>
								<line number="90" hits="1" branch="true" condition-coverage="50% (1/2)">
									<conditions>
										<condition number="0" type="jump" coverage="50%"/>
									</conditions>
								</line>
								<line number="91" hits="1" branch="false"/>
								<line number="95" hits="0" branch="false"/>
							</lines>
						</method>
					</methods>
					<lines>
						<line number="83" hits="1" branch="false"/>
						<line number="86" hits="1" branch="true" condition-coverage="50% (1/2)">
							<conditions>
								<condition number="0" type="jump" coverage="50%"/>
							</conditions>
						</line>
						<line number="87" hits="1" branch="false"/>
						<line number="88" hits="1" branch="true" condition-coverage="50% (1/2)">
							<conditions>
								<condition number="0" type="jump" coverage="50%"/>
							</conditions>
						</line>
						<line number="89" hits="1" branch="false"/>
						<line number="90" hits="1" branch="true" condition-coverage="50% (1/2)">
							<conditions>
								<condition number="0" type="jump" coverage="50%"/>
							</conditions>
						</line>
						<line number="91" hits="1" branch="false"/>
						<line number="95" hits="0" branch="false"/>
					</lines>
				</class>
				<class name="org.settings4j.util.ELConnectorWrapper$3" filename="org/settings4j/util/ELConnectorWrapper.java" line-rate="0.875" branch-rate="0.5" complexity="2.7142857142857144">
					<methods>
						<method name="&lt;init&gt;" signature="(Lorg/settings4j/util/ELConnectorWrapper;)V" line-rate="1.0" branch-rate="1.0">
							<lines>
								<line number="108" hits="3" branch="false"/>
							</lines>
						</method>
						<method name="transform" signature="(Ljava/lang/Object;)Ljava/lang/Object;" line-rate="0.8571428571428571" branch-rate="0.5">
							<lines>
								<line number="111" hits="3" branch="true" condition-coverage="50% (1/2)">
									<conditions>
										<condition number="0" type="jump" coverage="50%"/>
									</conditions>
								</line>
								<line number="112" hits="3" branch="false"/>
								<line number="113" hits="3" branch="true" condition-coverage="50% (1/2)">
									<conditions>
										<condition number="0" type="jump" coverage="50%"/>
									</conditions>
								</line>
								<line number="114" hits="3" branch="false"/>
								<line number="115" hits="3" branch="true" condition-coverage="50% (1/2)">
									<conditions>
										<condition number="0" type="jump" coverage="50%"/>
									</conditions>
								</line>
								<line number="116" hits="3" branch="false"/>
								<line number="120" hits="0" branch="false"/>
							</lines>
						</method>
					</methods>
					<lines>
						<line number="108" hits="3" branch="false"/>
						<line number="111" hits="3" branch="true" condition-coverage="50% (1/2)">
							<conditions>
								<condition number="0" type="jump" coverage="50%"/>
							</conditions>
						</line>
						<line number="112" hits="3" branch="false"/>
						<line number="113" hits="3" branch="true" condition-coverage="50% (1/2)">
							<conditions>
								<condition number="0" type="jump" coverage="50%"/>
							</conditions>
						</line>
						<line number="114" hits="3" branch="false"/>
						<line number="115" hits="3" branch="true" condition-coverage="50% (1/2)">
							<conditions>
								<condition number="0" type="jump" coverage="50%"/>
							</conditions>
						</line>
						<line number="116" hits="3" branch="false"/>
						<line number="120" hits="0" branch="false"/>
					</lines>
				</class>
				<class name="org.settings4j.util.ExpressionLanguageUtil" filename="org/settings4j/util/ExpressionLanguageUtil.java" line-rate="0.6666666666666666" branch-rate="1.0" complexity="1.0">
					<methods>
						<method name="&lt;clinit&gt;" signature="()V" line-rate="1.0" branch-rate="1.0">
							<lines>
								<line number="45" hits="1" branch="false"/>
								<line number="56" hits="1" branch="false"/>
							</lines>
						</method>
						<method name="&lt;init&gt;" signature="()V" line-rate="0.0" branch-rate="1.0">
							<lines>
								<line number="40" hits="0" branch="false"/>
								<line number="41" hits="0" branch="false"/>
							</lines>
						</method>
						<method name="class$" signature="(Ljava/lang/String;)Ljava/lang/Class;" line-rate="1.0" branch-rate="1.0">
							<lines>
								<line number="67" hits="4" branch="true" condition-coverage="100% (2/2)">
									<conditions>
										<condition number="0" type="jump" coverage="100%"/>
									</conditions>
								</line>
							</lines>
						</method>
						<method name="evaluateExpressionLanguage" signature="(Ljava/lang/String;Ljava/util/Map;)Ljava/lang/String;" line-rate="1.0" branch-rate="1.0">
							<lines>
							</lines>
						</method>
						<method name="evaluateExpressionLanguage" signature="(Ljava/lang/String;Ljava/util/Map;Ljava/lang/Class;)Ljava/lang/Object;" line-rate="1.0" branch-rate="1.0">
							<lines>
								<line number="81" hits="13" branch="false"/>
							</lines>
						</method>
					</methods>
					<lines>
						<line number="40" hits="0" branch="false"/>
						<line number="41" hits="0" branch="false"/>
						<line number="45" hits="1" branch="false"/>
						<line number="56" hits="1" branch="false"/>
						<line number="67" hits="4" branch="true" condition-coverage="100% (2/2)">
							<conditions>
								<condition number="0" type="jump" coverage="100%"/>
							</conditions>
						</line>
						<line number="81" hits="13" branch="false"/>
					</lines>
				</class>
				<class name="org.settings4j.util.ExpressionLanguageUtil$1" filename="org/settings4j/util/ExpressionLanguageUtil.java" line-rate="1.0" branch-rate="1.0" complexity="1.0">
					<methods>
						<method name="&lt;init&gt;" signature="()V" line-rate="1.0" branch-rate="1.0">
							<lines>
								<line number="45" hits="1" branch="false"/>
							</lines>
						</method>
						<method name="resolveVariable" signature="(Ljava/lang/String;Ljava/lang/Object;)Ljava/lang/Object;" line-rate="1.0" branch-rate="1.0">
							<lines>
								<line number="51" hits="16" branch="false"/>
								<line number="52" hits="16" branch="false"/>
							</lines>
						</method>
					</methods>
					<lines>
						<line number="45" hits="1" branch="false"/>
						<line number="51" hits="16" branch="false"/>
						<line number="52" hits="16" branch="false"/>
					</lines>
				</class>
				<class name="org.settings4j.util.MatchPatternTransformer" filename="org/settings4j/util/MatchPatternTransformer.java" line-rate="1.0" branch-rate="0.625" complexity="3.5">
					<methods>
						<method name="&lt;clinit&gt;" signature="()V" line-rate="1.0" branch-rate="1.0">
							<lines>
								<line number="52" hits="1" branch="false"/>
							</lines>
						</method>
						<method name="&lt;init&gt;" signature="(Ljava/lang/String;)V" line-rate="1.0" branch-rate="1.0">
							<lines>
								<line number="61" hits="1" branch="false"/>
								<line number="62" hits="1" branch="false"/>
								<line number="63" hits="1" branch="false"/>
							</lines>
						</method>
						<method name="class$" signature="(Ljava/lang/String;)Ljava/lang/Class;" line-rate="1.0" branch-rate="1.0">
							<lines>
								<line number="53" hits="1" branch="false"/>
							</lines>
						</method>
						<method name="transform" signature="(Ljava/lang/Object;)Ljava/lang/Object;" line-rate="1.0" branch-rate="0.625">
							<lines>
								<line number="68" hits="8" branch="false"/>
								<line number="69" hits="8" branch="true" condition-coverage="50% (1/2)">
									<conditions>
										<condition number="0" type="jump" coverage="50%"/>
									</conditions>
								</line>
								<line number="70" hits="8" branch="false"/>
								<line number="72" hits="8" branch="false"/>
								<line number="73" hits="7" branch="false"/>
								<line number="74" hits="7" branch="true" condition-coverage="100% (2/2)">
									<conditions>
										<condition number="0" type="jump" coverage="100%"/>
									</conditions>
								</line>
								<line number="75" hits="3" branch="false"/>
								<line number="76" hits="3" branch="true" condition-coverage="50% (1/2)">
									<conditions>
										<condition number="0" type="jump" coverage="50%"/>
									</conditions>
								</line>
								<line number="77" hits="3" branch="false"/>
								<line number="80" hits="4" branch="false"/>
								<line number="81" hits="4" branch="true" condition-coverage="50% (1/2)">
									<conditions>
										<condition number="0" type="jump" coverage="50%"/>
									</conditions>
								</line>
								<line number="82" hits="4" branch="false"/>
								<line number="85" hits="1" branch="false"/>
								<line number="86" hits="1" branch="false"/>
								<line number="88" hits="1" branch="false"/>
								<line number="89" hits="7" branch="false"/>
								<line number="91" hits="8" branch="false"/>
							</lines>
						</method>
					</methods>
					<lines>
						<line number="52" hits="1" branch="false"/>
						<line number="53" hits="1" branch="false"/>
						<line number="61" hits="1" branch="false"/>
						<line number="62" hits="1" branch="false"/>
						<line number="63" hits="1" branch="false"/>
						<line number="68" hits="8" branch="false"/>
						<line number="69" hits="8" branch="true" condition-coverage="50% (1/2)">
							<conditions>
								<condition number="0" type="jump" coverage="50%"/>
							</conditions>
						</line>
						<line number="70" hits="8" branch="false"/>
						<line number="72" hits="8" branch="false"/>
						<line number="73" hits="7" branch="false"/>
						<line number="74" hits="7" branch="true" condition-coverage="100% (2/2)">
							<conditions>
								<condition number="0" type="jump" coverage="100%"/>
							</conditions>
						</line>
						<line number="75" hits="3" branch="false"/>
						<line number="76" hits="3" branch="true" condition-coverage="50% (1/2)">
							<conditions>
								<condition number="0" type="jump" coverage="50%"/>
							</conditions>
						</line>
						<line number="77" hits="3" branch="false"/>
						<line number="80" hits="4" branch="false"/>
						<line number="81" hits="4" branch="true" condition-coverage="50% (1/2)">
							<conditions>
								<condition number="0" type="jump" coverage="50%"/>
							</conditions>
						</line>
						<line number="82" hits="4" branch="false"/>
						<line number="85" hits="1" branch="false"/>
						<line number="86" hits="1" branch="false"/>
						<line number="88" hits="1" branch="false"/>
						<line number="89" hits="7" branch="false"/>
						<line number="91" hits="8" branch="false"/>
					</lines>
				</class>
			</classes>
		</package>
	</packages>
</coverage>
