<?xml version="1.0"?>
<!DOCTYPE coverage SYSTEM "http://cobertura.sourceforge.net/xml/coverage-04.dtd">

<coverage line-rate="0.7617354196301565" branch-rate="0.7374429223744292" lines-covered="1071" lines-valid="1406" branches-covered="323" branches-valid="438" complexity="2.239057239057239" version="2.0.3" timestamp="1404306289528">
	<sources>
		<source>C:/WS_43_SETTINGS4J/settings4j/target/checkout/src/main/java</source>
		<source>--source</source>
	</sources>
	<packages>
		<package name="org.settings4j" line-rate="0.6818181818181818" branch-rate="1.0" complexity="1.0">
			<classes>
				<class name="org.settings4j.Connector" filename="org/settings4j/Connector.java" line-rate="1.0" branch-rate="1.0" complexity="1.0">
					<methods>
					</methods>
					<lines>
					</lines>
				</class>
				<class name="org.settings4j.ConnectorPosition" filename="org/settings4j/ConnectorPosition.java" line-rate="1.0" branch-rate="1.0" complexity="1.0">
					<methods>
					</methods>
					<lines>
					</lines>
				</class>
				<class name="org.settings4j.ConnectorPositions" filename="org/settings4j/ConnectorPositions.java" line-rate="0.8181818181818182" branch-rate="1.0" complexity="1.0">
					<methods>
						<method name="&lt;init&gt;" signature="()V" line-rate="0.0" branch-rate="1.0">
							<lines>
								<line number="69" hits="0" branch="false"/>
								<line number="70" hits="0" branch="false"/>
							</lines>
						</method>
						<method name="after" signature="(Ljava/lang/String;)Lorg/settings4j/ConnectorPosition;" line-rate="1.0" branch-rate="1.0">
							<lines>
								<line number="101" hits="5" branch="false"/>
							</lines>
						</method>
						<method name="afterFirst" signature="(Ljava/lang/Class;)Lorg/settings4j/ConnectorPosition;" line-rate="1.0" branch-rate="1.0">
							<lines>
								<line number="109" hits="2" branch="false"/>
							</lines>
						</method>
						<method name="afterLast" signature="(Ljava/lang/Class;)Lorg/settings4j/ConnectorPosition;" line-rate="1.0" branch-rate="1.0">
							<lines>
								<line number="117" hits="7" branch="false"/>
							</lines>
						</method>
						<method name="atFirst" signature="()Lorg/settings4j/ConnectorPosition;" line-rate="1.0" branch-rate="1.0">
							<lines>
								<line number="124" hits="2" branch="false"/>
							</lines>
						</method>
						<method name="atLast" signature="()Lorg/settings4j/ConnectorPosition;" line-rate="1.0" branch-rate="1.0">
							<lines>
								<line number="131" hits="104" branch="false"/>
							</lines>
						</method>
						<method name="before" signature="(Ljava/lang/String;)Lorg/settings4j/ConnectorPosition;" line-rate="1.0" branch-rate="1.0">
							<lines>
								<line number="77" hits="2" branch="false"/>
							</lines>
						</method>
						<method name="beforeFirst" signature="(Ljava/lang/Class;)Lorg/settings4j/ConnectorPosition;" line-rate="1.0" branch-rate="1.0">
							<lines>
								<line number="85" hits="5" branch="false"/>
							</lines>
						</method>
						<method name="beforeLast" signature="(Ljava/lang/Class;)Lorg/settings4j/ConnectorPosition;" line-rate="1.0" branch-rate="1.0">
							<lines>
								<line number="93" hits="2" branch="false"/>
							</lines>
						</method>
						<method name="firstValid" signature="([Lorg/settings4j/ConnectorPosition;)Lorg/settings4j/ConnectorPosition;" line-rate="1.0" branch-rate="1.0">
							<lines>
								<line number="139" hits="4" branch="false"/>
							</lines>
						</method>
					</methods>
					<lines>
						<line number="69" hits="0" branch="false"/>
						<line number="70" hits="0" branch="false"/>
						<line number="77" hits="2" branch="false"/>
						<line number="85" hits="5" branch="false"/>
						<line number="93" hits="2" branch="false"/>
						<line number="101" hits="5" branch="false"/>
						<line number="109" hits="2" branch="false"/>
						<line number="117" hits="7" branch="false"/>
						<line number="124" hits="2" branch="false"/>
						<line number="131" hits="104" branch="false"/>
						<line number="139" hits="4" branch="false"/>
					</lines>
				</class>
				<class name="org.settings4j.Constants" filename="org/settings4j/Constants.java" line-rate="0.0" branch-rate="1.0" complexity="1.0">
					<methods>
						<method name="&lt;init&gt;" signature="()V" line-rate="0.0" branch-rate="1.0">
							<lines>
								<line number="31" hits="0" branch="false"/>
								<line number="32" hits="0" branch="false"/>
							</lines>
						</method>
					</methods>
					<lines>
						<line number="31" hits="0" branch="false"/>
						<line number="32" hits="0" branch="false"/>
					</lines>
				</class>
				<class name="org.settings4j.ContentResolver" filename="org/settings4j/ContentResolver.java" line-rate="1.0" branch-rate="1.0" complexity="1.0">
					<methods>
					</methods>
					<lines>
					</lines>
				</class>
				<class name="org.settings4j.Filter" filename="org/settings4j/Filter.java" line-rate="1.0" branch-rate="1.0" complexity="1.0">
					<methods>
					</methods>
					<lines>
					</lines>
				</class>
				<class name="org.settings4j.ObjectResolver" filename="org/settings4j/ObjectResolver.java" line-rate="1.0" branch-rate="1.0" complexity="1.0">
					<methods>
					</methods>
					<lines>
					</lines>
				</class>
				<class name="org.settings4j.Settings4j" filename="org/settings4j/Settings4j.java" line-rate="0.6666666666666666" branch-rate="1.0" complexity="1.0">
					<methods>
						<method name="&lt;init&gt;" signature="()V" line-rate="0.0" branch-rate="1.0">
							<lines>
								<line number="45" hits="0" branch="false"/>
								<line number="46" hits="0" branch="false"/>
							</lines>
						</method>
						<method name="getConnector" signature="(Ljava/lang/String;)Lorg/settings4j/Connector;" line-rate="0.0" branch-rate="1.0">
							<lines>
								<line number="157" hits="0" branch="false"/>
							</lines>
						</method>
						<method name="getConnectors" signature="()Ljava/util/List;" line-rate="1.0" branch-rate="1.0">
							<lines>
								<line number="147" hits="18" branch="false"/>
							</lines>
						</method>
						<method name="getContent" signature="(Ljava/lang/String;)[B" line-rate="1.0" branch-rate="1.0">
							<lines>
								<line number="99" hits="1" branch="false"/>
							</lines>
						</method>
						<method name="getObject" signature="(Ljava/lang/String;)Ljava/lang/Object;" line-rate="1.0" branch-rate="1.0">
							<lines>
								<line number="120" hits="4" branch="false"/>
							</lines>
						</method>
						<method name="getSettings" signature="()Lorg/settings4j/Settings4jInstance;" line-rate="1.0" branch-rate="1.0">
							<lines>
								<line number="138" hits="74" branch="false"/>
							</lines>
						</method>
						<method name="getSettingsRepository" signature="()Lorg/settings4j/Settings4jRepository;" line-rate="1.0" branch-rate="1.0">
							<lines>
								<line number="129" hits="55" branch="false"/>
							</lines>
						</method>
						<method name="getString" signature="(Ljava/lang/String;)Ljava/lang/String;" line-rate="1.0" branch-rate="1.0">
							<lines>
								<line number="71" hits="51" branch="false"/>
							</lines>
						</method>
					</methods>
					<lines>
						<line number="45" hits="0" branch="false"/>
						<line number="46" hits="0" branch="false"/>
						<line number="71" hits="51" branch="false"/>
						<line number="99" hits="1" branch="false"/>
						<line number="120" hits="4" branch="false"/>
						<line number="129" hits="55" branch="false"/>
						<line number="138" hits="74" branch="false"/>
						<line number="147" hits="18" branch="false"/>
						<line number="157" hits="0" branch="false"/>
					</lines>
				</class>
				<class name="org.settings4j.Settings4jFactory" filename="org/settings4j/Settings4jFactory.java" line-rate="1.0" branch-rate="1.0" complexity="1.0">
					<methods>
					</methods>
					<lines>
					</lines>
				</class>
				<class name="org.settings4j.Settings4jInstance" filename="org/settings4j/Settings4jInstance.java" line-rate="1.0" branch-rate="1.0" complexity="1.0">
					<methods>
					</methods>
					<lines>
					</lines>
				</class>
				<class name="org.settings4j.Settings4jRepository" filename="org/settings4j/Settings4jRepository.java" line-rate="1.0" branch-rate="1.0" complexity="1.0">
					<methods>
					</methods>
					<lines>
					</lines>
				</class>
			</classes>
		</package>
		<package name="org.settings4j.config" line-rate="0.7911547911547911" branch-rate="0.7388059701492538" complexity="4.181818181818182">
			<classes>
				<class name="org.settings4j.config.DOMConfigurator" filename="org/settings4j/config/DOMConfigurator.java" line-rate="0.7994791666666666" branch-rate="0.7461538461538462" complexity="4.642857142857143">
					<methods>
						<method name="&lt;clinit&gt;" signature="()V" line-rate="1.0" branch-rate="1.0">
							<lines>
								<line number="65" hits="1" branch="false"/>
							</lines>
						</method>
						<method name="&lt;init&gt;" signature="(Lorg/settings4j/Settings4jRepository;)V" line-rate="1.0" branch-rate="1.0">
							<lines>
								<line number="121" hits="35" branch="false"/>
								<line number="128" hits="35" branch="false"/>
								<line number="129" hits="35" branch="false"/>
								<line number="130" hits="35" branch="false"/>
								<line number="131" hits="35" branch="false"/>
								<line number="132" hits="35" branch="false"/>
								<line number="133" hits="35" branch="false"/>
							</lines>
						</method>
						<method name="addExpressionAttribute" signature="(Ljava/lang/String;Ljava/lang/Object;)V" line-rate="0.0" branch-rate="1.0">
							<lines>
								<line number="944" hits="0" branch="false"/>
								<line number="945" hits="0" branch="false"/>
							</lines>
						</method>
						<method name="configure" signature="(Ljava/net/URL;Lorg/settings4j/Settings4jRepository;)V" line-rate="1.0" branch-rate="1.0">
							<lines>
								<line number="173" hits="35" branch="false"/>
								<line number="174" hits="35" branch="false"/>
							</lines>
						</method>
						<method name="doConfigure" signature="(Ljava/net/URL;)V" line-rate="1.0" branch-rate="1.0">
							<lines>
								<line number="180" hits="35" branch="false"/>
								<line number="191" hits="35" branch="false"/>
								<line number="192" hits="35" branch="false"/>
							</lines>
						</method>
						<method name="doConfigure" signature="(Lorg/settings4j/config/DOMConfigurator$ParseAction;)V" line-rate="0.7" branch-rate="1.0">
							<lines>
								<line number="195" hits="35" branch="false"/>
								<line number="197" hits="35" branch="false"/>
								<line number="198" hits="35" branch="false"/>
								<line number="199" hits="35" branch="false"/>
								<line number="200" hits="35" branch="false"/>
								<line number="201" hits="0" branch="false"/>
								<line number="202" hits="0" branch="false"/>
								<line number="203" hits="0" branch="false"/>
								<line number="204" hits="0" branch="false"/>
								<line number="205" hits="35" branch="false"/>
								<line number="208" hits="35" branch="false"/>
								<line number="210" hits="35" branch="false"/>
								<line number="212" hits="35" branch="false"/>
								<line number="213" hits="35" branch="false"/>
								<line number="215" hits="35" branch="false"/>
								<line number="216" hits="35" branch="false"/>
								<line number="217" hits="0" branch="false"/>
								<line number="219" hits="0" branch="false"/>
								<line number="220" hits="35" branch="false"/>
								<line number="221" hits="35" branch="false"/>
							</lines>
						</method>
						<method name="findConnectorByName" signature="(Lorg/w3c/dom/Document;Ljava/lang/String;)Lorg/settings4j/Connector;" line-rate="0.7" branch-rate="0.5">
							<lines>
								<line number="510" hits="2" branch="false"/>
								<line number="512" hits="2" branch="true" condition-coverage="50% (1/2)">
									<conditions>
										<condition number="0" type="jump" coverage="50%"/>
									</conditions>
								</line>
								<line number="513" hits="0" branch="false"/>
								<line number="516" hits="2" branch="false"/>
								<line number="518" hits="2" branch="true" condition-coverage="50% (1/2)">
									<conditions>
										<condition number="0" type="jump" coverage="50%"/>
									</conditions>
								</line>
								<line number="519" hits="0" branch="false"/>
								<line number="520" hits="0" branch="false"/>
								<line number="523" hits="2" branch="false"/>
								<line number="524" hits="2" branch="false"/>
								<line number="525" hits="2" branch="false"/>
							</lines>
						</method>
						<method name="findConnectorByReference" signature="(Lorg/w3c/dom/Element;)Lorg/settings4j/Connector;" line-rate="1.0" branch-rate="1.0">
							<lines>
								<line number="535" hits="2" branch="false"/>
								<line number="536" hits="2" branch="false"/>
								<line number="537" hits="2" branch="false"/>
							</lines>
						</method>
						<method name="findContentResolverByName" signature="(Lorg/w3c/dom/Document;Ljava/lang/String;)Lorg/settings4j/ContentResolver;" line-rate="0.8" branch-rate="0.75">
							<lines>
								<line number="776" hits="80" branch="false"/>
								<line number="778" hits="80" branch="true" condition-coverage="100% (2/2)">
									<conditions>
										<condition number="0" type="jump" coverage="100%"/>
									</conditions>
								</line>
								<line number="779" hits="30" branch="false"/>
								<line number="782" hits="50" branch="false"/>
								<line number="784" hits="50" branch="true" condition-coverage="50% (1/2)">
									<conditions>
										<condition number="0" type="jump" coverage="50%"/>
									</conditions>
								</line>
								<line number="785" hits="0" branch="false"/>
								<line number="786" hits="0" branch="false"/>
								<line number="789" hits="50" branch="false"/>
								<line number="790" hits="50" branch="false"/>
								<line number="791" hits="50" branch="false"/>
							</lines>
						</method>
						<method name="findContentResolverByReference" signature="(Lorg/w3c/dom/Element;)Lorg/settings4j/ContentResolver;" line-rate="1.0" branch-rate="1.0">
							<lines>
								<line number="841" hits="80" branch="false"/>
								<line number="842" hits="80" branch="false"/>
								<line number="843" hits="80" branch="false"/>
							</lines>
						</method>
						<method name="findObjectResolverByName" signature="(Lorg/w3c/dom/Document;Ljava/lang/String;)Lorg/settings4j/ObjectResolver;" line-rate="0.8" branch-rate="0.75">
							<lines>
								<line number="803" hits="97" branch="false"/>
								<line number="805" hits="97" branch="true" condition-coverage="100% (2/2)">
									<conditions>
										<condition number="0" type="jump" coverage="100%"/>
									</conditions>
								</line>
								<line number="806" hits="45" branch="false"/>
								<line number="809" hits="52" branch="false"/>
								<line number="811" hits="52" branch="true" condition-coverage="50% (1/2)">
									<conditions>
										<condition number="0" type="jump" coverage="50%"/>
									</conditions>
								</line>
								<line number="812" hits="0" branch="false"/>
								<line number="813" hits="0" branch="false"/>
								<line number="816" hits="52" branch="false"/>
								<line number="817" hits="52" branch="false"/>
								<line number="818" hits="52" branch="false"/>
							</lines>
						</method>
						<method name="findObjectResolverByReference" signature="(Lorg/w3c/dom/Element;)Lorg/settings4j/ObjectResolver;" line-rate="1.0" branch-rate="1.0">
							<lines>
								<line number="828" hits="97" branch="false"/>
								<line number="829" hits="97" branch="false"/>
								<line number="830" hits="97" branch="false"/>
							</lines>
						</method>
						<method name="getConnectors" signature="(Lorg/w3c/dom/Element;)[Lorg/settings4j/Connector;" line-rate="1.0" branch-rate="1.0">
							<lines>
								<line number="414" hits="196" branch="false"/>
								<line number="416" hits="196" branch="false"/>
								<line number="417" hits="196" branch="false"/>
								<line number="419" hits="761" branch="true" condition-coverage="100% (2/2)">
									<conditions>
										<condition number="0" type="jump" coverage="100%"/>
									</conditions>
								</line>
								<line number="420" hits="565" branch="false"/>
								<line number="422" hits="565" branch="true" condition-coverage="100% (2/2)">
									<conditions>
										<condition number="0" type="jump" coverage="100%"/>
									</conditions>
								</line>
								<line number="423" hits="193" branch="false"/>
								<line number="424" hits="193" branch="false"/>
								<line number="426" hits="193" branch="true" condition-coverage="100% (2/2)">
									<conditions>
										<condition number="0" type="jump" coverage="100%"/>
									</conditions>
								</line>
								<line number="427" hits="2" branch="false"/>
								<line number="428" hits="2" branch="false"/>
								<line number="429" hits="2" branch="false"/>
								<line number="434" hits="196" branch="false"/>
							</lines>
						</method>
						<method name="getElementByNameAttr" signature="(Lorg/w3c/dom/Document;Ljava/lang/String;Ljava/lang/String;)Lorg/w3c/dom/Element;" line-rate="1.0" branch-rate="0.75">
							<lines>
								<line number="853" hits="104" branch="false"/>
								<line number="854" hits="104" branch="false"/>
								<line number="855" hits="199" branch="true" condition-coverage="50% (1/2)">
									<conditions>
										<condition number="0" type="jump" coverage="50%"/>
									</conditions>
								</line>
								<line number="856" hits="199" branch="false"/>
								<line number="857" hits="199" branch="false"/>
								<line number="858" hits="199" branch="false"/>
								<line number="859" hits="199" branch="true" condition-coverage="100% (2/2)">
									<conditions>
										<condition number="0" type="jump" coverage="100%"/>
									</conditions>
								</line>
								<line number="860" hits="104" branch="false"/>
								<line number="861" hits="104" branch="false"/>
								<line number="865" hits="104" branch="false"/>
							</lines>
						</method>
						<method name="loadClass" signature="(Ljava/lang/String;)Ljava/lang/Class;" line-rate="1.0" branch-rate="1.0">
							<lines>
								<line number="948" hits="199" branch="false"/>
							</lines>
						</method>
						<method name="parse" signature="(Lorg/w3c/dom/Element;)V" line-rate="0.7777777777777778" branch-rate="0.5">
							<lines>
								<line number="231" hits="35" branch="false"/>
								<line number="233" hits="35" branch="true" condition-coverage="50% (1/2)">
									<conditions>
										<condition number="0" type="jump" coverage="50%"/>
									</conditions>
								</line>
								<line number="234" hits="0" branch="false"/>
								<line number="235" hits="0" branch="false"/>
								<line number="238" hits="35" branch="false"/>
								<line number="240" hits="35" branch="false"/>
								<line number="241" hits="35" branch="false"/>
								<line number="242" hits="35" branch="false"/>
								<line number="243" hits="35" branch="false"/>
							</lines>
						</method>
						<method name="parseChildrenOfSettingsElement" signature="(Lorg/w3c/dom/Element;Lorg/settings4j/Settings4jInstance;)V" line-rate="0.9722222222222222" branch-rate="0.85">
							<lines>
								<line number="446" hits="35" branch="false"/>
								<line number="447" hits="35" branch="false"/>
								<line number="448" hits="35" branch="false"/>
								<line number="452" hits="35" branch="false"/>
								<line number="455" hits="35" branch="false"/>
								<line number="456" hits="35" branch="false"/>
								<line number="457" hits="127" branch="true" condition-coverage="100% (2/2)">
									<conditions>
										<condition number="0" type="jump" coverage="100%"/>
									</conditions>
								</line>
								<line number="458" hits="92" branch="false"/>
								<line number="459" hits="92" branch="false"/>
								<line number="461" hits="92" branch="false"/>
								<line number="462" hits="92" branch="true" condition-coverage="50% (1/2)">
									<conditions>
										<condition number="0" type="jump" coverage="50%"/>
									</conditions>
								</line>
								<line number="463" hits="92" branch="false"/>
								<line number="464" hits="92" branch="false"/>
								<line number="468" hits="35" branch="false"/>
								<line number="469" hits="35" branch="false"/>
								<line number="471" hits="35" branch="false"/>
								<line number="474" hits="35" branch="false"/>
								<line number="475" hits="466" branch="true" condition-coverage="100% (2/2)">
									<conditions>
										<condition number="0" type="jump" coverage="100%"/>
									</conditions>
								</line>
								<line number="476" hits="431" branch="false"/>
								<line number="477" hits="431" branch="true" condition-coverage="100% (2/2)">
									<conditions>
										<condition number="0" type="jump" coverage="100%"/>
									</conditions>
								</line>
								<line number="478" hits="197" branch="false"/>
								<line number="479" hits="197" branch="false"/>
								<line number="481" hits="197" branch="true" condition-coverage="100% (2/2)">
									<conditions>
										<condition number="0" type="jump" coverage="100%"/>
									</conditions>
								</line>
								<line number="482" hits="1" branch="false"/>
								<line number="483" hits="1" branch="true" condition-coverage="50% (1/2)">
									<conditions>
										<condition number="0" type="jump" coverage="50%"/>
									</conditions>
								</line>
								<line number="484" hits="1" branch="false"/>
								<line number="486" hits="1" branch="true" condition-coverage="50% (1/2)">
									<conditions>
										<condition number="0" type="jump" coverage="50%"/>
									</conditions>
								</line>
								<line number="487" hits="0" branch="false"/>
								<line number="488" hits="196" branch="true" condition-coverage="100% (2/2)">
									<conditions>
										<condition number="0" type="jump" coverage="100%"/>
									</conditions>
								</line>
								<line number="489" hits="92" branch="false"/>
								<line number="490" hits="104" branch="true" condition-coverage="100% (2/2)">
									<conditions>
										<condition number="0" type="jump" coverage="100%"/>
									</conditions>
								</line>
								<line number="491" hits="50" branch="false"/>
								<line number="492" hits="54" branch="true" condition-coverage="100% (2/2)">
									<conditions>
										<condition number="0" type="jump" coverage="100%"/>
									</conditions>
								</line>
								<line number="493" hits="52" branch="false"/>
								<line number="495" hits="2" branch="false"/>
								<line number="499" hits="35" branch="false"/>
							</lines>
						</method>
						<method name="parseConnector" signature="(Lorg/w3c/dom/Element;)Lorg/settings4j/Connector;" line-rate="0.9148936170212766" branch-rate="0.9090909090909091">
							<lines>
								<line number="306" hits="94" branch="false"/>
								<line number="310" hits="94" branch="false"/>
								<line number="313" hits="94" branch="false"/>
								<line number="315" hits="94" branch="false"/>
								<line number="316" hits="94" branch="false"/>
								<line number="317" hits="94" branch="false"/>
								<line number="318" hits="0" branch="false"/>
								<line number="319" hits="0" branch="false"/>
								<line number="320" hits="0" branch="false"/>
								<line number="321" hits="94" branch="false"/>
								<line number="323" hits="94" branch="false"/>
								<line number="325" hits="94" branch="false"/>
								<line number="326" hits="96" branch="true" condition-coverage="100% (2/2)">
									<conditions>
										<condition number="0" type="jump" coverage="100%"/>
									</conditions>
								</line>
								<line number="327" hits="2" branch="false"/>
								<line number="330" hits="94" branch="false"/>
								<line number="334" hits="94" branch="false"/>
								<line number="336" hits="94" branch="false"/>
								<line number="337" hits="94" branch="false"/>
								<line number="339" hits="433" branch="true" condition-coverage="100% (2/2)">
									<conditions>
										<condition number="0" type="jump" coverage="100%"/>
									</conditions>
								</line>
								<line number="340" hits="339" branch="false"/>
								<line number="342" hits="339" branch="true" condition-coverage="100% (2/2)">
									<conditions>
										<condition number="0" type="jump" coverage="100%"/>
									</conditions>
								</line>
								<line number="343" hits="131" branch="false"/>
								<line number="344" hits="131" branch="false"/>
								<line number="346" hits="131" branch="true" condition-coverage="100% (2/2)">
									<conditions>
										<condition number="0" type="jump" coverage="100%"/>
									</conditions>
								</line>
								<line number="347" hits="2" branch="false"/>
								<line number="350" hits="129" branch="true" condition-coverage="100% (2/2)">
									<conditions>
										<condition number="0" type="jump" coverage="100%"/>
									</conditions>
								</line>
								<line number="351" hits="50" branch="false"/>
								<line number="352" hits="50" branch="false"/>
								<line number="353" hits="50" branch="false"/>
								<line number="355" hits="50" branch="true" condition-coverage="100% (2/2)">
									<conditions>
										<condition number="0" type="jump" coverage="100%"/>
									</conditions>
								</line>
								<line number="356" hits="65" branch="false"/>
								<line number="357" hits="65" branch="false"/>
								<line number="358" hits="65" branch="false"/>
								<line number="360" hits="65" branch="true" condition-coverage="100% (2/2)">
									<conditions>
										<condition number="0" type="jump" coverage="100%"/>
									</conditions>
								</line>
								<line number="361" hits="2" branch="false"/>
								<line number="362" hits="2" branch="false"/>
								<line number="363" hits="2" branch="true" condition-coverage="50% (1/2)">
									<conditions>
										<condition number="0" type="jump" coverage="50%"/>
									</conditions>
								</line>
								<line number="364" hits="12" branch="false"/>
								<line number="366" hits="0" branch="false"/>
								<line number="371" hits="94" branch="false"/>
								<line number="373" hits="94" branch="true" condition-coverage="75% (3/4)">
									<conditions>
										<condition number="0" type="jump" coverage="50%"/>
										<condition number="1" type="jump" coverage="100%"/>
									</conditions>
								</line>
								<line number="374" hits="2" branch="false"/>
								<line number="377" hits="94" branch="true" condition-coverage="100% (2/2)">
									<conditions>
										<condition number="0" type="jump" coverage="100%"/>
									</conditions>
								</line>
								<line number="378" hits="2" branch="false"/>
								<line number="382" hits="94" branch="false"/>
								<line number="383" hits="94" branch="false"/>
								<line number="384" hits="94" branch="false"/>
							</lines>
						</method>
						<method name="parseContentResolver" signature="(Lorg/w3c/dom/Element;)Lorg/settings4j/ContentResolver;" line-rate="0.65" branch-rate="0.5">
							<lines>
								<line number="699" hits="50" branch="false"/>
								<line number="703" hits="50" branch="false"/>
								<line number="706" hits="50" branch="false"/>
								<line number="708" hits="50" branch="false"/>
								<line number="709" hits="50" branch="false"/>
								<line number="710" hits="50" branch="false"/>
								<line number="711" hits="0" branch="false"/>
								<line number="712" hits="0" branch="false"/>
								<line number="714" hits="0" branch="false"/>
								<line number="715" hits="0" branch="false"/>
								<line number="716" hits="0" branch="false"/>
								<line number="718" hits="0" branch="false"/>
								<line number="719" hits="50" branch="false"/>
								<line number="722" hits="50" branch="false"/>
								<line number="724" hits="50" branch="false"/>
								<line number="728" hits="50" branch="false"/>
								<line number="730" hits="50" branch="false"/>
								<line number="731" hits="50" branch="false"/>
								<line number="733" hits="160" branch="true" condition-coverage="100% (2/2)">
									<conditions>
										<condition number="0" type="jump" coverage="100%"/>
									</conditions>
								</line>
								<line number="734" hits="110" branch="false"/>
								<line number="736" hits="110" branch="true" condition-coverage="100% (2/2)">
									<conditions>
										<condition number="0" type="jump" coverage="100%"/>
									</conditions>
								</line>
								<line number="737" hits="30" branch="false"/>
								<line number="738" hits="30" branch="false"/>
								<line number="740" hits="30" branch="true" condition-coverage="50% (1/2)">
									<conditions>
										<condition number="0" type="jump" coverage="50%"/>
									</conditions>
								</line>
								<line number="741" hits="0" branch="false"/>
								<line number="744" hits="30" branch="true" condition-coverage="50% (1/2)">
									<conditions>
										<condition number="0" type="jump" coverage="50%"/>
									</conditions>
								</line>
								<line number="745" hits="30" branch="false"/>
								<line number="746" hits="30" branch="false"/>
								<line number="747" hits="30" branch="false"/>
								<line number="749" hits="30" branch="true" condition-coverage="0% (0/2)">
									<conditions>
										<condition number="0" type="jump" coverage="0%"/>
									</conditions>
								</line>
								<line number="750" hits="0" branch="false"/>
								<line number="751" hits="0" branch="true" condition-coverage="0% (0/2)">
									<conditions>
										<condition number="0" type="jump" coverage="0%"/>
									</conditions>
								</line>
								<line number="752" hits="0" branch="false"/>
								<line number="753" hits="0" branch="false"/>
								<line number="754" hits="0" branch="false"/>
								<line number="755" hits="0" branch="false"/>
								<line number="760" hits="50" branch="true" condition-coverage="50% (1/2)">
									<conditions>
										<condition number="0" type="jump" coverage="50%"/>
									</conditions>
								</line>
								<line number="761" hits="0" branch="false"/>
								<line number="763" hits="50" branch="false"/>
								<line number="765" hits="50" branch="false"/>
							</lines>
						</method>
						<method name="parseFilter" signature="(Lorg/w3c/dom/Element;)Lorg/settings4j/Filter;" line-rate="0.8275862068965517" branch-rate="0.8">
							<lines>
								<line number="256" hits="2" branch="false"/>
								<line number="257" hits="2" branch="true" condition-coverage="50% (1/2)">
									<conditions>
										<condition number="0" type="jump" coverage="50%"/>
									</conditions>
								</line>
								<line number="258" hits="0" branch="false"/>
								<line number="261" hits="2" branch="false"/>
								<line number="263" hits="2" branch="false"/>
								<line number="264" hits="2" branch="false"/>
								<line number="265" hits="2" branch="false"/>
								<line number="266" hits="0" branch="false"/>
								<line number="267" hits="0" branch="false"/>
								<line number="268" hits="0" branch="false"/>
								<line number="269" hits="2" branch="false"/>
								<line number="271" hits="2" branch="false"/>
								<line number="272" hits="2" branch="false"/>
								<line number="274" hits="12" branch="true" condition-coverage="100% (2/2)">
									<conditions>
										<condition number="0" type="jump" coverage="100%"/>
									</conditions>
								</line>
								<line number="275" hits="10" branch="false"/>
								<line number="277" hits="10" branch="true" condition-coverage="100% (2/2)">
									<conditions>
										<condition number="0" type="jump" coverage="100%"/>
									</conditions>
								</line>
								<line number="278" hits="4" branch="false"/>
								<line number="279" hits="4" branch="false"/>
								<line number="281" hits="4" branch="true" condition-coverage="100% (2/2)">
									<conditions>
										<condition number="0" type="jump" coverage="100%"/>
									</conditions>
								</line>
								<line number="282" hits="2" branch="false"/>
								<line number="283" hits="2" branch="false"/>
								<line number="284" hits="2" branch="false"/>
								<line number="286" hits="2" branch="true" condition-coverage="50% (1/2)">
									<conditions>
										<condition number="0" type="jump" coverage="50%"/>
									</conditions>
								</line>
								<line number="287" hits="2" branch="false"/>
								<line number="288" hits="2" branch="false"/>
								<line number="289" hits="2" branch="false"/>
								<line number="290" hits="2" branch="false"/>
								<line number="291" hits="0" branch="false"/>
								<line number="296" hits="2" branch="false"/>
							</lines>
						</method>
						<method name="parseMapping" signature="(Lorg/w3c/dom/Element;)Ljava/util/Map;" line-rate="0.7419354838709677" branch-rate="0.75">
							<lines>
								<line number="638" hits="1" branch="false"/>
								<line number="642" hits="1" branch="false"/>
								<line number="643" hits="1" branch="true" condition-coverage="50% (1/2)">
									<conditions>
										<condition number="0" type="jump" coverage="50%"/>
									</conditions>
								</line>
								<line number="644" hits="0" branch="false"/>
								<line number="647" hits="1" branch="false"/>
								<line number="649" hits="1" branch="false"/>
								<line number="650" hits="1" branch="false"/>
								<line number="651" hits="1" branch="false"/>
								<line number="652" hits="0" branch="false"/>
								<line number="653" hits="0" branch="false"/>
								<line number="654" hits="0" branch="false"/>
								<line number="655" hits="0" branch="false"/>
								<line number="656" hits="0" branch="false"/>
								<line number="659" hits="0" branch="false"/>
								<line number="660" hits="1" branch="false"/>
								<line number="665" hits="1" branch="false"/>
								<line number="667" hits="1" branch="false"/>
								<line number="668" hits="1" branch="false"/>
								<line number="670" hits="6" branch="true" condition-coverage="100% (2/2)">
									<conditions>
										<condition number="0" type="jump" coverage="100%"/>
									</conditions>
								</line>
								<line number="671" hits="5" branch="false"/>
								<line number="673" hits="5" branch="true" condition-coverage="100% (2/2)">
									<conditions>
										<condition number="0" type="jump" coverage="100%"/>
									</conditions>
								</line>
								<line number="674" hits="2" branch="false"/>
								<line number="675" hits="2" branch="false"/>
								<line number="677" hits="2" branch="true" condition-coverage="50% (1/2)">
									<conditions>
										<condition number="0" type="jump" coverage="50%"/>
									</conditions>
								</line>
								<line number="678" hits="2" branch="false"/>
								<line number="679" hits="2" branch="false"/>
								<line number="680" hits="2" branch="false"/>
								<line number="681" hits="2" branch="false"/>
								<line number="682" hits="0" branch="false"/>
								<line number="686" hits="1" branch="false"/>
								<line number="688" hits="1" branch="false"/>
							</lines>
						</method>
						<method name="parseObjectResolver" signature="(Lorg/w3c/dom/Element;)Lorg/settings4j/ObjectResolver;" line-rate="0.6739130434782609" branch-rate="0.5555555555555556">
							<lines>
								<line number="548" hits="52" branch="false"/>
								<line number="552" hits="52" branch="false"/>
								<line number="555" hits="52" branch="false"/>
								<line number="557" hits="52" branch="false"/>
								<line number="558" hits="52" branch="false"/>
								<line number="559" hits="52" branch="false"/>
								<line number="560" hits="0" branch="false"/>
								<line number="561" hits="0" branch="false"/>
								<line number="562" hits="0" branch="false"/>
								<line number="563" hits="0" branch="false"/>
								<line number="564" hits="0" branch="false"/>
								<line number="567" hits="0" branch="false"/>
								<line number="568" hits="52" branch="false"/>
								<line number="571" hits="52" branch="false"/>
								<line number="573" hits="52" branch="false"/>
								<line number="577" hits="52" branch="false"/>
								<line number="579" hits="52" branch="false"/>
								<line number="580" hits="52" branch="false"/>
								<line number="582" hits="168" branch="true" condition-coverage="100% (2/2)">
									<conditions>
										<condition number="0" type="jump" coverage="100%"/>
									</conditions>
								</line>
								<line number="583" hits="116" branch="false"/>
								<line number="585" hits="116" branch="true" condition-coverage="100% (2/2)">
									<conditions>
										<condition number="0" type="jump" coverage="100%"/>
									</conditions>
								</line>
								<line number="586" hits="32" branch="false"/>
								<line number="587" hits="32" branch="false"/>
								<line number="590" hits="32" branch="true" condition-coverage="50% (1/2)">
									<conditions>
										<condition number="0" type="jump" coverage="50%"/>
									</conditions>
								</line>
								<line number="591" hits="0" branch="false"/>
								<line number="594" hits="32" branch="true" condition-coverage="50% (1/2)">
									<conditions>
										<condition number="0" type="jump" coverage="50%"/>
									</conditions>
								</line>
								<line number="595" hits="32" branch="false"/>
								<line number="596" hits="32" branch="false"/>
								<line number="597" hits="32" branch="false"/>
								<line number="599" hits="32" branch="true" condition-coverage="0% (0/2)">
									<conditions>
										<condition number="0" type="jump" coverage="0%"/>
									</conditions>
								</line>
								<line number="600" hits="0" branch="false"/>
								<line number="601" hits="0" branch="true" condition-coverage="0% (0/2)">
									<conditions>
										<condition number="0" type="jump" coverage="0%"/>
									</conditions>
								</line>
								<line number="602" hits="0" branch="false"/>
								<line number="603" hits="0" branch="false"/>
								<line number="604" hits="0" branch="false"/>
								<line number="605" hits="0" branch="false"/>
								<line number="610" hits="52" branch="false"/>
								<line number="611" hits="52" branch="false"/>
								<line number="612" hits="52" branch="true" condition-coverage="100% (2/2)">
									<conditions>
										<condition number="0" type="jump" coverage="100%"/>
									</conditions>
								</line>
								<line number="613" hits="1" branch="true" condition-coverage="50% (1/2)">
									<conditions>
										<condition number="0" type="jump" coverage="50%"/>
									</conditions>
								</line>
								<line number="614" hits="1" branch="false"/>
								<line number="616" hits="0" branch="false"/>
								<line number="621" hits="52" branch="true" condition-coverage="50% (1/2)">
									<conditions>
										<condition number="0" type="jump" coverage="50%"/>
									</conditions>
								</line>
								<line number="622" hits="0" branch="false"/>
								<line number="624" hits="52" branch="false"/>
								<line number="626" hits="52" branch="false"/>
							</lines>
						</method>
						<method name="quietParseUnrecognizedElement" signature="(Ljava/lang/Object;Lorg/w3c/dom/Element;)V" line-rate="0.7" branch-rate="1.0">
							<lines>
								<line number="394" hits="2" branch="false"/>
								<line number="395" hits="2" branch="false"/>
								<line number="398" hits="2" branch="false"/>
								<line number="399" hits="2" branch="false"/>
								<line number="400" hits="0" branch="false"/>
								<line number="401" hits="0" branch="false"/>
								<line number="402" hits="0" branch="false"/>
								<line number="403" hits="2" branch="false"/>
								<line number="404" hits="2" branch="false"/>
								<line number="405" hits="2" branch="false"/>
							</lines>
						</method>
						<method name="setParameter" signature="(Lorg/w3c/dom/Element;Ljava/lang/Object;[Lorg/settings4j/Connector;)V" line-rate="0.6875" branch-rate="0.5">
							<lines>
								<line number="143" hits="12" branch="false"/>
								<line number="144" hits="12" branch="false"/>
								<line number="146" hits="12" branch="false"/>
								<line number="147" hits="12" branch="false"/>
								<line number="149" hits="12" branch="true" condition-coverage="50% (1/2)">
									<conditions>
										<condition number="0" type="jump" coverage="50%"/>
									</conditions>
								</line>
								<line number="150" hits="12" branch="false"/>
								<line number="152" hits="0" branch="false"/>
								<line number="154" hits="12" branch="false"/>
								<line number="155" hits="0" branch="false"/>
								<line number="156" hits="0" branch="false"/>
								<line number="157" hits="2" branch="false"/>
								<line number="158" hits="2" branch="false"/>
								<line number="159" hits="0" branch="false"/>
								<line number="160" hits="0" branch="false"/>
								<line number="161" hits="12" branch="false"/>
								<line number="162" hits="12" branch="false"/>
							</lines>
						</method>
						<method name="subst" signature="(Ljava/lang/String;[Lorg/settings4j/Connector;)Ljava/lang/String;" line-rate="0.0" branch-rate="1.0">
							<lines>
								<line number="884" hits="0" branch="false"/>
							</lines>
						</method>
						<method name="subst" signature="(Ljava/lang/String;[Lorg/settings4j/Connector;Ljava/lang/Class;)Ljava/lang/Object;" line-rate="0.8095238095238095" branch-rate="0.8333333333333334">
							<lines>
								<line number="896" hits="158" branch="true" condition-coverage="100% (2/2)">
									<conditions>
										<condition number="0" type="jump" coverage="100%"/>
									</conditions>
								</line>
								<line number="897" hits="1" branch="false"/>
								<line number="900" hits="157" branch="true" condition-coverage="100% (2/2)">
									<conditions>
										<condition number="0" type="jump" coverage="100%"/>
									</conditions>
								</line>
								<line number="902" hits="2" branch="false"/>
								<line number="903" hits="2" branch="true" condition-coverage="50% (1/2)">
									<conditions>
										<condition number="0" type="jump" coverage="50%"/>
									</conditions>
								</line>
								<line number="905" hits="2" branch="false"/>
								<line number="909" hits="2" branch="false"/>
								<line number="910" hits="4" branch="true" condition-coverage="100% (2/2)">
									<conditions>
										<condition number="0" type="jump" coverage="100%"/>
									</conditions>
								</line>
								<line number="911" hits="2" branch="false"/>
								<line number="913" hits="2" branch="false"/>
								<line number="915" hits="2" branch="false"/>
								<line number="916" hits="2" branch="false"/>
								<line number="917" hits="2" branch="false"/>
								<line number="918" hits="0" branch="false"/>
								<line number="919" hits="0" branch="false"/>
								<line number="920" hits="0" branch="false"/>
								<line number="924" hits="155" branch="true" condition-coverage="100% (2/2)">
									<conditions>
										<condition number="0" type="jump" coverage="100%"/>
									</conditions>
								</line>
								<line number="925" hits="9" branch="false"/>
								<line number="926" hits="146" branch="true" condition-coverage="50% (1/2)">
									<conditions>
										<condition number="0" type="jump" coverage="50%"/>
									</conditions>
								</line>
								<line number="927" hits="146" branch="false"/>
								<line number="929" hits="0" branch="false"/>
							</lines>
						</method>
					</methods>
					<lines>
						<line number="65" hits="1" branch="false"/>
						<line number="121" hits="35" branch="false"/>
						<line number="128" hits="35" branch="false"/>
						<line number="129" hits="35" branch="false"/>
						<line number="130" hits="35" branch="false"/>
						<line number="131" hits="35" branch="false"/>
						<line number="132" hits="35" branch="false"/>
						<line number="133" hits="35" branch="false"/>
						<line number="143" hits="12" branch="false"/>
						<line number="144" hits="12" branch="false"/>
						<line number="146" hits="12" branch="false"/>
						<line number="147" hits="12" branch="false"/>
						<line number="149" hits="12" branch="true" condition-coverage="50% (1/2)">
							<conditions>
								<condition number="0" type="jump" coverage="50%"/>
							</conditions>
						</line>
						<line number="150" hits="12" branch="false"/>
						<line number="152" hits="0" branch="false"/>
						<line number="154" hits="12" branch="false"/>
						<line number="155" hits="0" branch="false"/>
						<line number="156" hits="0" branch="false"/>
						<line number="157" hits="2" branch="false"/>
						<line number="158" hits="2" branch="false"/>
						<line number="159" hits="0" branch="false"/>
						<line number="160" hits="0" branch="false"/>
						<line number="161" hits="12" branch="false"/>
						<line number="162" hits="12" branch="false"/>
						<line number="173" hits="35" branch="false"/>
						<line number="174" hits="35" branch="false"/>
						<line number="180" hits="35" branch="false"/>
						<line number="191" hits="35" branch="false"/>
						<line number="192" hits="35" branch="false"/>
						<line number="195" hits="35" branch="false"/>
						<line number="197" hits="35" branch="false"/>
						<line number="198" hits="35" branch="false"/>
						<line number="199" hits="35" branch="false"/>
						<line number="200" hits="35" branch="false"/>
						<line number="201" hits="0" branch="false"/>
						<line number="202" hits="0" branch="false"/>
						<line number="203" hits="0" branch="false"/>
						<line number="204" hits="0" branch="false"/>
						<line number="205" hits="35" branch="false"/>
						<line number="208" hits="35" branch="false"/>
						<line number="210" hits="35" branch="false"/>
						<line number="212" hits="35" branch="false"/>
						<line number="213" hits="35" branch="false"/>
						<line number="215" hits="35" branch="false"/>
						<line number="216" hits="35" branch="false"/>
						<line number="217" hits="0" branch="false"/>
						<line number="219" hits="0" branch="false"/>
						<line number="220" hits="35" branch="false"/>
						<line number="221" hits="35" branch="false"/>
						<line number="231" hits="35" branch="false"/>
						<line number="233" hits="35" branch="true" condition-coverage="50% (1/2)">
							<conditions>
								<condition number="0" type="jump" coverage="50%"/>
							</conditions>
						</line>
						<line number="234" hits="0" branch="false"/>
						<line number="235" hits="0" branch="false"/>
						<line number="238" hits="35" branch="false"/>
						<line number="240" hits="35" branch="false"/>
						<line number="241" hits="35" branch="false"/>
						<line number="242" hits="35" branch="false"/>
						<line number="243" hits="35" branch="false"/>
						<line number="256" hits="2" branch="false"/>
						<line number="257" hits="2" branch="true" condition-coverage="50% (1/2)">
							<conditions>
								<condition number="0" type="jump" coverage="50%"/>
							</conditions>
						</line>
						<line number="258" hits="0" branch="false"/>
						<line number="261" hits="2" branch="false"/>
						<line number="263" hits="2" branch="false"/>
						<line number="264" hits="2" branch="false"/>
						<line number="265" hits="2" branch="false"/>
						<line number="266" hits="0" branch="false"/>
						<line number="267" hits="0" branch="false"/>
						<line number="268" hits="0" branch="false"/>
						<line number="269" hits="2" branch="false"/>
						<line number="271" hits="2" branch="false"/>
						<line number="272" hits="2" branch="false"/>
						<line number="274" hits="12" branch="true" condition-coverage="100% (2/2)">
							<conditions>
								<condition number="0" type="jump" coverage="100%"/>
							</conditions>
						</line>
						<line number="275" hits="10" branch="false"/>
						<line number="277" hits="10" branch="true" condition-coverage="100% (2/2)">
							<conditions>
								<condition number="0" type="jump" coverage="100%"/>
							</conditions>
						</line>
						<line number="278" hits="4" branch="false"/>
						<line number="279" hits="4" branch="false"/>
						<line number="281" hits="4" branch="true" condition-coverage="100% (2/2)">
							<conditions>
								<condition number="0" type="jump" coverage="100%"/>
							</conditions>
						</line>
						<line number="282" hits="2" branch="false"/>
						<line number="283" hits="2" branch="false"/>
						<line number="284" hits="2" branch="false"/>
						<line number="286" hits="2" branch="true" condition-coverage="50% (1/2)">
							<conditions>
								<condition number="0" type="jump" coverage="50%"/>
							</conditions>
						</line>
						<line number="287" hits="2" branch="false"/>
						<line number="288" hits="2" branch="false"/>
						<line number="289" hits="2" branch="false"/>
						<line number="290" hits="2" branch="false"/>
						<line number="291" hits="0" branch="false"/>
						<line number="296" hits="2" branch="false"/>
						<line number="306" hits="94" branch="false"/>
						<line number="310" hits="94" branch="false"/>
						<line number="313" hits="94" branch="false"/>
						<line number="315" hits="94" branch="false"/>
						<line number="316" hits="94" branch="false"/>
						<line number="317" hits="94" branch="false"/>
						<line number="318" hits="0" branch="false"/>
						<line number="319" hits="0" branch="false"/>
						<line number="320" hits="0" branch="false"/>
						<line number="321" hits="94" branch="false"/>
						<line number="323" hits="94" branch="false"/>
						<line number="325" hits="94" branch="false"/>
						<line number="326" hits="96" branch="true" condition-coverage="100% (2/2)">
							<conditions>
								<condition number="0" type="jump" coverage="100%"/>
							</conditions>
						</line>
						<line number="327" hits="2" branch="false"/>
						<line number="330" hits="94" branch="false"/>
						<line number="334" hits="94" branch="false"/>
						<line number="336" hits="94" branch="false"/>
						<line number="337" hits="94" branch="false"/>
						<line number="339" hits="433" branch="true" condition-coverage="100% (2/2)">
							<conditions>
								<condition number="0" type="jump" coverage="100%"/>
							</conditions>
						</line>
						<line number="340" hits="339" branch="false"/>
						<line number="342" hits="339" branch="true" condition-coverage="100% (2/2)">
							<conditions>
								<condition number="0" type="jump" coverage="100%"/>
							</conditions>
						</line>
						<line number="343" hits="131" branch="false"/>
						<line number="344" hits="131" branch="false"/>
						<line number="346" hits="131" branch="true" condition-coverage="100% (2/2)">
							<conditions>
								<condition number="0" type="jump" coverage="100%"/>
							</conditions>
						</line>
						<line number="347" hits="2" branch="false"/>
						<line number="350" hits="129" branch="true" condition-coverage="100% (2/2)">
							<conditions>
								<condition number="0" type="jump" coverage="100%"/>
							</conditions>
						</line>
						<line number="351" hits="50" branch="false"/>
						<line number="352" hits="50" branch="false"/>
						<line number="353" hits="50" branch="false"/>
						<line number="355" hits="50" branch="true" condition-coverage="100% (2/2)">
							<conditions>
								<condition number="0" type="jump" coverage="100%"/>
							</conditions>
						</line>
						<line number="356" hits="65" branch="false"/>
						<line number="357" hits="65" branch="false"/>
						<line number="358" hits="65" branch="false"/>
						<line number="360" hits="65" branch="true" condition-coverage="100% (2/2)">
							<conditions>
								<condition number="0" type="jump" coverage="100%"/>
							</conditions>
						</line>
						<line number="361" hits="2" branch="false"/>
						<line number="362" hits="2" branch="false"/>
						<line number="363" hits="2" branch="true" condition-coverage="50% (1/2)">
							<conditions>
								<condition number="0" type="jump" coverage="50%"/>
							</conditions>
						</line>
						<line number="364" hits="12" branch="false"/>
						<line number="366" hits="0" branch="false"/>
						<line number="371" hits="94" branch="false"/>
						<line number="373" hits="94" branch="true" condition-coverage="75% (3/4)">
							<conditions>
								<condition number="0" type="jump" coverage="50%"/>
								<condition number="1" type="jump" coverage="100%"/>
							</conditions>
						</line>
						<line number="374" hits="2" branch="false"/>
						<line number="377" hits="94" branch="true" condition-coverage="100% (2/2)">
							<conditions>
								<condition number="0" type="jump" coverage="100%"/>
							</conditions>
						</line>
						<line number="378" hits="2" branch="false"/>
						<line number="382" hits="94" branch="false"/>
						<line number="383" hits="94" branch="false"/>
						<line number="384" hits="94" branch="false"/>
						<line number="394" hits="2" branch="false"/>
						<line number="395" hits="2" branch="false"/>
						<line number="398" hits="2" branch="false"/>
						<line number="399" hits="2" branch="false"/>
						<line number="400" hits="0" branch="false"/>
						<line number="401" hits="0" branch="false"/>
						<line number="402" hits="0" branch="false"/>
						<line number="403" hits="2" branch="false"/>
						<line number="404" hits="2" branch="false"/>
						<line number="405" hits="2" branch="false"/>
						<line number="414" hits="196" branch="false"/>
						<line number="416" hits="196" branch="false"/>
						<line number="417" hits="196" branch="false"/>
						<line number="419" hits="761" branch="true" condition-coverage="100% (2/2)">
							<conditions>
								<condition number="0" type="jump" coverage="100%"/>
							</conditions>
						</line>
						<line number="420" hits="565" branch="false"/>
						<line number="422" hits="565" branch="true" condition-coverage="100% (2/2)">
							<conditions>
								<condition number="0" type="jump" coverage="100%"/>
							</conditions>
						</line>
						<line number="423" hits="193" branch="false"/>
						<line number="424" hits="193" branch="false"/>
						<line number="426" hits="193" branch="true" condition-coverage="100% (2/2)">
							<conditions>
								<condition number="0" type="jump" coverage="100%"/>
							</conditions>
						</line>
						<line number="427" hits="2" branch="false"/>
						<line number="428" hits="2" branch="false"/>
						<line number="429" hits="2" branch="false"/>
						<line number="434" hits="196" branch="false"/>
						<line number="446" hits="35" branch="false"/>
						<line number="447" hits="35" branch="false"/>
						<line number="448" hits="35" branch="false"/>
						<line number="452" hits="35" branch="false"/>
						<line number="455" hits="35" branch="false"/>
						<line number="456" hits="35" branch="false"/>
						<line number="457" hits="127" branch="true" condition-coverage="100% (2/2)">
							<conditions>
								<condition number="0" type="jump" coverage="100%"/>
							</conditions>
						</line>
						<line number="458" hits="92" branch="false"/>
						<line number="459" hits="92" branch="false"/>
						<line number="461" hits="92" branch="false"/>
						<line number="462" hits="92" branch="true" condition-coverage="50% (1/2)">
							<conditions>
								<condition number="0" type="jump" coverage="50%"/>
							</conditions>
						</line>
						<line number="463" hits="92" branch="false"/>
						<line number="464" hits="92" branch="false"/>
						<line number="468" hits="35" branch="false"/>
						<line number="469" hits="35" branch="false"/>
						<line number="471" hits="35" branch="false"/>
						<line number="474" hits="35" branch="false"/>
						<line number="475" hits="466" branch="true" condition-coverage="100% (2/2)">
							<conditions>
								<condition number="0" type="jump" coverage="100%"/>
							</conditions>
						</line>
						<line number="476" hits="431" branch="false"/>
						<line number="477" hits="431" branch="true" condition-coverage="100% (2/2)">
							<conditions>
								<condition number="0" type="jump" coverage="100%"/>
							</conditions>
						</line>
						<line number="478" hits="197" branch="false"/>
						<line number="479" hits="197" branch="false"/>
						<line number="481" hits="197" branch="true" condition-coverage="100% (2/2)">
							<conditions>
								<condition number="0" type="jump" coverage="100%"/>
							</conditions>
						</line>
						<line number="482" hits="1" branch="false"/>
						<line number="483" hits="1" branch="true" condition-coverage="50% (1/2)">
							<conditions>
								<condition number="0" type="jump" coverage="50%"/>
							</conditions>
						</line>
						<line number="484" hits="1" branch="false"/>
						<line number="486" hits="1" branch="true" condition-coverage="50% (1/2)">
							<conditions>
								<condition number="0" type="jump" coverage="50%"/>
							</conditions>
						</line>
						<line number="487" hits="0" branch="false"/>
						<line number="488" hits="196" branch="true" condition-coverage="100% (2/2)">
							<conditions>
								<condition number="0" type="jump" coverage="100%"/>
							</conditions>
						</line>
						<line number="489" hits="92" branch="false"/>
						<line number="490" hits="104" branch="true" condition-coverage="100% (2/2)">
							<conditions>
								<condition number="0" type="jump" coverage="100%"/>
							</conditions>
						</line>
						<line number="491" hits="50" branch="false"/>
						<line number="492" hits="54" branch="true" condition-coverage="100% (2/2)">
							<conditions>
								<condition number="0" type="jump" coverage="100%"/>
							</conditions>
						</line>
						<line number="493" hits="52" branch="false"/>
						<line number="495" hits="2" branch="false"/>
						<line number="499" hits="35" branch="false"/>
						<line number="510" hits="2" branch="false"/>
						<line number="512" hits="2" branch="true" condition-coverage="50% (1/2)">
							<conditions>
								<condition number="0" type="jump" coverage="50%"/>
							</conditions>
						</line>
						<line number="513" hits="0" branch="false"/>
						<line number="516" hits="2" branch="false"/>
						<line number="518" hits="2" branch="true" condition-coverage="50% (1/2)">
							<conditions>
								<condition number="0" type="jump" coverage="50%"/>
							</conditions>
						</line>
						<line number="519" hits="0" branch="false"/>
						<line number="520" hits="0" branch="false"/>
						<line number="523" hits="2" branch="false"/>
						<line number="524" hits="2" branch="false"/>
						<line number="525" hits="2" branch="false"/>
						<line number="535" hits="2" branch="false"/>
						<line number="536" hits="2" branch="false"/>
						<line number="537" hits="2" branch="false"/>
						<line number="548" hits="52" branch="false"/>
						<line number="552" hits="52" branch="false"/>
						<line number="555" hits="52" branch="false"/>
						<line number="557" hits="52" branch="false"/>
						<line number="558" hits="52" branch="false"/>
						<line number="559" hits="52" branch="false"/>
						<line number="560" hits="0" branch="false"/>
						<line number="561" hits="0" branch="false"/>
						<line number="562" hits="0" branch="false"/>
						<line number="563" hits="0" branch="false"/>
						<line number="564" hits="0" branch="false"/>
						<line number="567" hits="0" branch="false"/>
						<line number="568" hits="52" branch="false"/>
						<line number="571" hits="52" branch="false"/>
						<line number="573" hits="52" branch="false"/>
						<line number="577" hits="52" branch="false"/>
						<line number="579" hits="52" branch="false"/>
						<line number="580" hits="52" branch="false"/>
						<line number="582" hits="168" branch="true" condition-coverage="100% (2/2)">
							<conditions>
								<condition number="0" type="jump" coverage="100%"/>
							</conditions>
						</line>
						<line number="583" hits="116" branch="false"/>
						<line number="585" hits="116" branch="true" condition-coverage="100% (2/2)">
							<conditions>
								<condition number="0" type="jump" coverage="100%"/>
							</conditions>
						</line>
						<line number="586" hits="32" branch="false"/>
						<line number="587" hits="32" branch="false"/>
						<line number="590" hits="32" branch="true" condition-coverage="50% (1/2)">
							<conditions>
								<condition number="0" type="jump" coverage="50%"/>
							</conditions>
						</line>
						<line number="591" hits="0" branch="false"/>
						<line number="594" hits="32" branch="true" condition-coverage="50% (1/2)">
							<conditions>
								<condition number="0" type="jump" coverage="50%"/>
							</conditions>
						</line>
						<line number="595" hits="32" branch="false"/>
						<line number="596" hits="32" branch="false"/>
						<line number="597" hits="32" branch="false"/>
						<line number="599" hits="32" branch="true" condition-coverage="0% (0/2)">
							<conditions>
								<condition number="0" type="jump" coverage="0%"/>
							</conditions>
						</line>
						<line number="600" hits="0" branch="false"/>
						<line number="601" hits="0" branch="true" condition-coverage="0% (0/2)">
							<conditions>
								<condition number="0" type="jump" coverage="0%"/>
							</conditions>
						</line>
						<line number="602" hits="0" branch="false"/>
						<line number="603" hits="0" branch="false"/>
						<line number="604" hits="0" branch="false"/>
						<line number="605" hits="0" branch="false"/>
						<line number="610" hits="52" branch="false"/>
						<line number="611" hits="52" branch="false"/>
						<line number="612" hits="52" branch="true" condition-coverage="100% (2/2)">
							<conditions>
								<condition number="0" type="jump" coverage="100%"/>
							</conditions>
						</line>
						<line number="613" hits="1" branch="true" condition-coverage="50% (1/2)">
							<conditions>
								<condition number="0" type="jump" coverage="50%"/>
							</conditions>
						</line>
						<line number="614" hits="1" branch="false"/>
						<line number="616" hits="0" branch="false"/>
						<line number="621" hits="52" branch="true" condition-coverage="50% (1/2)">
							<conditions>
								<condition number="0" type="jump" coverage="50%"/>
							</conditions>
						</line>
						<line number="622" hits="0" branch="false"/>
						<line number="624" hits="52" branch="false"/>
						<line number="626" hits="52" branch="false"/>
						<line number="638" hits="1" branch="false"/>
						<line number="642" hits="1" branch="false"/>
						<line number="643" hits="1" branch="true" condition-coverage="50% (1/2)">
							<conditions>
								<condition number="0" type="jump" coverage="50%"/>
							</conditions>
						</line>
						<line number="644" hits="0" branch="false"/>
						<line number="647" hits="1" branch="false"/>
						<line number="649" hits="1" branch="false"/>
						<line number="650" hits="1" branch="false"/>
						<line number="651" hits="1" branch="false"/>
						<line number="652" hits="0" branch="false"/>
						<line number="653" hits="0" branch="false"/>
						<line number="654" hits="0" branch="false"/>
						<line number="655" hits="0" branch="false"/>
						<line number="656" hits="0" branch="false"/>
						<line number="659" hits="0" branch="false"/>
						<line number="660" hits="1" branch="false"/>
						<line number="665" hits="1" branch="false"/>
						<line number="667" hits="1" branch="false"/>
						<line number="668" hits="1" branch="false"/>
						<line number="670" hits="6" branch="true" condition-coverage="100% (2/2)">
							<conditions>
								<condition number="0" type="jump" coverage="100%"/>
							</conditions>
						</line>
						<line number="671" hits="5" branch="false"/>
						<line number="673" hits="5" branch="true" condition-coverage="100% (2/2)">
							<conditions>
								<condition number="0" type="jump" coverage="100%"/>
							</conditions>
						</line>
						<line number="674" hits="2" branch="false"/>
						<line number="675" hits="2" branch="false"/>
						<line number="677" hits="2" branch="true" condition-coverage="50% (1/2)">
							<conditions>
								<condition number="0" type="jump" coverage="50%"/>
							</conditions>
						</line>
						<line number="678" hits="2" branch="false"/>
						<line number="679" hits="2" branch="false"/>
						<line number="680" hits="2" branch="false"/>
						<line number="681" hits="2" branch="false"/>
						<line number="682" hits="0" branch="false"/>
						<line number="686" hits="1" branch="false"/>
						<line number="688" hits="1" branch="false"/>
						<line number="699" hits="50" branch="false"/>
						<line number="703" hits="50" branch="false"/>
						<line number="706" hits="50" branch="false"/>
						<line number="708" hits="50" branch="false"/>
						<line number="709" hits="50" branch="false"/>
						<line number="710" hits="50" branch="false"/>
						<line number="711" hits="0" branch="false"/>
						<line number="712" hits="0" branch="false"/>
						<line number="714" hits="0" branch="false"/>
						<line number="715" hits="0" branch="false"/>
						<line number="716" hits="0" branch="false"/>
						<line number="718" hits="0" branch="false"/>
						<line number="719" hits="50" branch="false"/>
						<line number="722" hits="50" branch="false"/>
						<line number="724" hits="50" branch="false"/>
						<line number="728" hits="50" branch="false"/>
						<line number="730" hits="50" branch="false"/>
						<line number="731" hits="50" branch="false"/>
						<line number="733" hits="160" branch="true" condition-coverage="100% (2/2)">
							<conditions>
								<condition number="0" type="jump" coverage="100%"/>
							</conditions>
						</line>
						<line number="734" hits="110" branch="false"/>
						<line number="736" hits="110" branch="true" condition-coverage="100% (2/2)">
							<conditions>
								<condition number="0" type="jump" coverage="100%"/>
							</conditions>
						</line>
						<line number="737" hits="30" branch="false"/>
						<line number="738" hits="30" branch="false"/>
						<line number="740" hits="30" branch="true" condition-coverage="50% (1/2)">
							<conditions>
								<condition number="0" type="jump" coverage="50%"/>
							</conditions>
						</line>
						<line number="741" hits="0" branch="false"/>
						<line number="744" hits="30" branch="true" condition-coverage="50% (1/2)">
							<conditions>
								<condition number="0" type="jump" coverage="50%"/>
							</conditions>
						</line>
						<line number="745" hits="30" branch="false"/>
						<line number="746" hits="30" branch="false"/>
						<line number="747" hits="30" branch="false"/>
						<line number="749" hits="30" branch="true" condition-coverage="0% (0/2)">
							<conditions>
								<condition number="0" type="jump" coverage="0%"/>
							</conditions>
						</line>
						<line number="750" hits="0" branch="false"/>
						<line number="751" hits="0" branch="true" condition-coverage="0% (0/2)">
							<conditions>
								<condition number="0" type="jump" coverage="0%"/>
							</conditions>
						</line>
						<line number="752" hits="0" branch="false"/>
						<line number="753" hits="0" branch="false"/>
						<line number="754" hits="0" branch="false"/>
						<line number="755" hits="0" branch="false"/>
						<line number="760" hits="50" branch="true" condition-coverage="50% (1/2)">
							<conditions>
								<condition number="0" type="jump" coverage="50%"/>
							</conditions>
						</line>
						<line number="761" hits="0" branch="false"/>
						<line number="763" hits="50" branch="false"/>
						<line number="765" hits="50" branch="false"/>
						<line number="776" hits="80" branch="false"/>
						<line number="778" hits="80" branch="true" condition-coverage="100% (2/2)">
							<conditions>
								<condition number="0" type="jump" coverage="100%"/>
							</conditions>
						</line>
						<line number="779" hits="30" branch="false"/>
						<line number="782" hits="50" branch="false"/>
						<line number="784" hits="50" branch="true" condition-coverage="50% (1/2)">
							<conditions>
								<condition number="0" type="jump" coverage="50%"/>
							</conditions>
						</line>
						<line number="785" hits="0" branch="false"/>
						<line number="786" hits="0" branch="false"/>
						<line number="789" hits="50" branch="false"/>
						<line number="790" hits="50" branch="false"/>
						<line number="791" hits="50" branch="false"/>
						<line number="803" hits="97" branch="false"/>
						<line number="805" hits="97" branch="true" condition-coverage="100% (2/2)">
							<conditions>
								<condition number="0" type="jump" coverage="100%"/>
							</conditions>
						</line>
						<line number="806" hits="45" branch="false"/>
						<line number="809" hits="52" branch="false"/>
						<line number="811" hits="52" branch="true" condition-coverage="50% (1/2)">
							<conditions>
								<condition number="0" type="jump" coverage="50%"/>
							</conditions>
						</line>
						<line number="812" hits="0" branch="false"/>
						<line number="813" hits="0" branch="false"/>
						<line number="816" hits="52" branch="false"/>
						<line number="817" hits="52" branch="false"/>
						<line number="818" hits="52" branch="false"/>
						<line number="828" hits="97" branch="false"/>
						<line number="829" hits="97" branch="false"/>
						<line number="830" hits="97" branch="false"/>
						<line number="841" hits="80" branch="false"/>
						<line number="842" hits="80" branch="false"/>
						<line number="843" hits="80" branch="false"/>
						<line number="853" hits="104" branch="false"/>
						<line number="854" hits="104" branch="false"/>
						<line number="855" hits="199" branch="true" condition-coverage="50% (1/2)">
							<conditions>
								<condition number="0" type="jump" coverage="50%"/>
							</conditions>
						</line>
						<line number="856" hits="199" branch="false"/>
						<line number="857" hits="199" branch="false"/>
						<line number="858" hits="199" branch="false"/>
						<line number="859" hits="199" branch="true" condition-coverage="100% (2/2)">
							<conditions>
								<condition number="0" type="jump" coverage="100%"/>
							</conditions>
						</line>
						<line number="860" hits="104" branch="false"/>
						<line number="861" hits="104" branch="false"/>
						<line number="865" hits="104" branch="false"/>
						<line number="884" hits="0" branch="false"/>
						<line number="896" hits="158" branch="true" condition-coverage="100% (2/2)">
							<conditions>
								<condition number="0" type="jump" coverage="100%"/>
							</conditions>
						</line>
						<line number="897" hits="1" branch="false"/>
						<line number="900" hits="157" branch="true" condition-coverage="100% (2/2)">
							<conditions>
								<condition number="0" type="jump" coverage="100%"/>
							</conditions>
						</line>
						<line number="902" hits="2" branch="false"/>
						<line number="903" hits="2" branch="true" condition-coverage="50% (1/2)">
							<conditions>
								<condition number="0" type="jump" coverage="50%"/>
							</conditions>
						</line>
						<line number="905" hits="2" branch="false"/>
						<line number="909" hits="2" branch="false"/>
						<line number="910" hits="4" branch="true" condition-coverage="100% (2/2)">
							<conditions>
								<condition number="0" type="jump" coverage="100%"/>
							</conditions>
						</line>
						<line number="911" hits="2" branch="false"/>
						<line number="913" hits="2" branch="false"/>
						<line number="915" hits="2" branch="false"/>
						<line number="916" hits="2" branch="false"/>
						<line number="917" hits="2" branch="false"/>
						<line number="918" hits="0" branch="false"/>
						<line number="919" hits="0" branch="false"/>
						<line number="920" hits="0" branch="false"/>
						<line number="924" hits="155" branch="true" condition-coverage="100% (2/2)">
							<conditions>
								<condition number="0" type="jump" coverage="100%"/>
							</conditions>
						</line>
						<line number="925" hits="9" branch="false"/>
						<line number="926" hits="146" branch="true" condition-coverage="50% (1/2)">
							<conditions>
								<condition number="0" type="jump" coverage="50%"/>
							</conditions>
						</line>
						<line number="927" hits="146" branch="false"/>
						<line number="929" hits="0" branch="false"/>
						<line number="944" hits="0" branch="false"/>
						<line number="945" hits="0" branch="false"/>
						<line number="948" hits="199" branch="false"/>
					</lines>
				</class>
				<class name="org.settings4j.config.DOMConfigurator$1" filename="org/settings4j/config/DOMConfigurator.java" line-rate="0.6666666666666666" branch-rate="1.0" complexity="4.642857142857143">
					<methods>
						<method name="&lt;init&gt;" signature="(Lorg/settings4j/config/DOMConfigurator;Ljava/net/URL;)V" line-rate="1.0" branch-rate="1.0">
							<lines>
								<line number="180" hits="35" branch="false"/>
							</lines>
						</method>
						<method name="parse" signature="(Ljavax/xml/parsers/DocumentBuilder;)Lorg/w3c/dom/Document;" line-rate="1.0" branch-rate="1.0">
							<lines>
								<line number="183" hits="35" branch="false"/>
							</lines>
						</method>
						<method name="toString" signature="()Ljava/lang/String;" line-rate="0.0" branch-rate="1.0">
							<lines>
								<line number="188" hits="0" branch="false"/>
							</lines>
						</method>
					</methods>
					<lines>
						<line number="180" hits="35" branch="false"/>
						<line number="183" hits="35" branch="false"/>
						<line number="188" hits="0" branch="false"/>
					</lines>
				</class>
				<class name="org.settings4j.config.DOMConfigurator$ParseAction" filename="org/settings4j/config/DOMConfigurator.java" line-rate="1.0" branch-rate="1.0" complexity="4.642857142857143">
					<methods>
					</methods>
					<lines>
					</lines>
				</class>
				<class name="org.settings4j.config.SAXErrorHandler" filename="org/settings4j/config/SAXErrorHandler.java" line-rate="0.6" branch-rate="1.0" complexity="1.0">
					<methods>
						<method name="&lt;clinit&gt;" signature="()V" line-rate="1.0" branch-rate="1.0">
							<lines>
								<line number="31" hits="1" branch="false"/>
							</lines>
						</method>
						<method name="&lt;init&gt;" signature="()V" line-rate="1.0" branch-rate="1.0">
							<lines>
								<line number="28" hits="35" branch="false"/>
							</lines>
						</method>
						<method name="emitMessage" signature="(Ljava/lang/String;Lorg/xml/sax/SAXParseException;)V" line-rate="1.0" branch-rate="1.0">
							<lines>
								<line number="49" hits="5" branch="false"/>
								<line number="51" hits="5" branch="false"/>
							</lines>
						</method>
						<method name="error" signature="(Lorg/xml/sax/SAXParseException;)V" line-rate="1.0" branch-rate="1.0">
							<lines>
								<line number="35" hits="5" branch="false"/>
								<line number="36" hits="5" branch="false"/>
							</lines>
						</method>
						<method name="fatalError" signature="(Lorg/xml/sax/SAXParseException;)V" line-rate="0.0" branch-rate="1.0">
							<lines>
								<line number="40" hits="0" branch="false"/>
								<line number="41" hits="0" branch="false"/>
							</lines>
						</method>
						<method name="warning" signature="(Lorg/xml/sax/SAXParseException;)V" line-rate="0.0" branch-rate="1.0">
							<lines>
								<line number="45" hits="0" branch="false"/>
								<line number="46" hits="0" branch="false"/>
							</lines>
						</method>
					</methods>
					<lines>
						<line number="28" hits="35" branch="false"/>
						<line number="31" hits="1" branch="false"/>
						<line number="35" hits="5" branch="false"/>
						<line number="36" hits="5" branch="false"/>
						<line number="40" hits="0" branch="false"/>
						<line number="41" hits="0" branch="false"/>
						<line number="45" hits="0" branch="false"/>
						<line number="46" hits="0" branch="false"/>
						<line number="49" hits="5" branch="false"/>
						<line number="51" hits="5" branch="false"/>
					</lines>
				</class>
				<class name="org.settings4j.config.Settings4jEntityResolver" filename="org/settings4j/config/Settings4jEntityResolver.java" line-rate="0.7" branch-rate="0.5" complexity="4.0">
					<methods>
						<method name="&lt;clinit&gt;" signature="()V" line-rate="1.0" branch-rate="1.0">
							<lines>
								<line number="34" hits="1" branch="false"/>
							</lines>
						</method>
						<method name="&lt;init&gt;" signature="()V" line-rate="1.0" branch-rate="1.0">
							<lines>
								<line number="31" hits="35" branch="false"/>
							</lines>
						</method>
						<method name="resolveEntity" signature="(Ljava/lang/String;Ljava/lang/String;)Lorg/xml/sax/InputSource;" line-rate="0.625" branch-rate="0.5">
							<lines>
								<line number="38" hits="35" branch="true" condition-coverage="50% (1/2)">
									<conditions>
										<condition number="0" type="jump" coverage="50%"/>
									</conditions>
								</line>
								<line number="39" hits="35" branch="false"/>
								<line number="40" hits="35" branch="false"/>
								<line number="41" hits="35" branch="true" condition-coverage="50% (1/2)">
									<conditions>
										<condition number="0" type="jump" coverage="50%"/>
									</conditions>
								</line>
								<line number="42" hits="0" branch="false"/>
								<line number="44" hits="0" branch="false"/>
								<line number="46" hits="35" branch="false"/>
								<line number="49" hits="0" branch="false"/>
							</lines>
						</method>
					</methods>
					<lines>
						<line number="31" hits="35" branch="false"/>
						<line number="34" hits="1" branch="false"/>
						<line number="38" hits="35" branch="true" condition-coverage="50% (1/2)">
							<conditions>
								<condition number="0" type="jump" coverage="50%"/>
							</conditions>
						</line>
						<line number="39" hits="35" branch="false"/>
						<line number="40" hits="35" branch="false"/>
						<line number="41" hits="35" branch="true" condition-coverage="50% (1/2)">
							<conditions>
								<condition number="0" type="jump" coverage="50%"/>
							</conditions>
						</line>
						<line number="42" hits="0" branch="false"/>
						<line number="44" hits="0" branch="false"/>
						<line number="46" hits="35" branch="false"/>
						<line number="49" hits="0" branch="false"/>
					</lines>
				</class>
			</classes>
		</package>
		<package name="org.settings4j.connector" line-rate="0.6657608695652174" branch-rate="0.660377358490566" complexity="2.3536585365853657">
			<classes>
				<class name="org.settings4j.connector.AbstractConnector" filename="org/settings4j/connector/AbstractConnector.java" line-rate="0.9333333333333333" branch-rate="1.0" complexity="1.0">
					<methods>
						<method name="&lt;init&gt;" signature="()V" line-rate="1.0" branch-rate="1.0">
							<lines>
								<line number="33" hits="202" branch="false"/>
								<line number="38" hits="202" branch="false"/>
							</lines>
						</method>
						<method name="addConnector" signature="(Lorg/settings4j/Connector;)V" line-rate="1.0" branch-rate="1.0">
							<lines>
[...]
							<conditions>
								<condition number="0" type="jump" coverage="100%"/>
							</conditions>
						</line>
						<line number="51" hits="2" branch="false"/>
						<line number="53" hits="8" branch="false"/>
						<line number="55" hits="2" branch="false"/>
					</lines>
				</class>
				<class name="org.settings4j.settings.position.ConnectorPositionBeforeName" filename="org/settings4j/settings/position/ConnectorPositionBeforeName.java" line-rate="1.0" branch-rate="1.0" complexity="2.5">
					<methods>
						<method name="&lt;init&gt;" signature="(Ljava/lang/String;)V" line-rate="1.0" branch-rate="1.0">
							<lines>
								<line number="40" hits="2" branch="false"/>
								<line number="41" hits="2" branch="false"/>
								<line number="42" hits="2" branch="false"/>
							</lines>
						</method>
						<method name="getPosition" signature="(Ljava/util/List;)I" line-rate="1.0" branch-rate="1.0">
							<lines>
								<line number="46" hits="2" branch="false"/>
								<line number="47" hits="2" branch="true" condition-coverage="100% (2/2)">
									<conditions>
										<condition number="0" type="jump" coverage="100%"/>
									</conditions>
								</line>
								<line number="48" hits="7" branch="true" condition-coverage="100% (2/2)">
									<conditions>
										<condition number="0" type="jump" coverage="100%"/>
									</conditions>
								</line>
								<line number="49" hits="1" branch="false"/>
								<line number="51" hits="6" branch="false"/>
								<line number="53" hits="1" branch="false"/>
							</lines>
						</method>
					</methods>
					<lines>
						<line number="40" hits="2" branch="false"/>
						<line number="41" hits="2" branch="false"/>
						<line number="42" hits="2" branch="false"/>
						<line number="46" hits="2" branch="false"/>
						<line number="47" hits="2" branch="true" condition-coverage="100% (2/2)">
							<conditions>
								<condition number="0" type="jump" coverage="100%"/>
							</conditions>
						</line>
						<line number="48" hits="7" branch="true" condition-coverage="100% (2/2)">
							<conditions>
								<condition number="0" type="jump" coverage="100%"/>
							</conditions>
						</line>
						<line number="49" hits="1" branch="false"/>
						<line number="51" hits="6" branch="false"/>
						<line number="53" hits="1" branch="false"/>
					</lines>
				</class>
				<class name="org.settings4j.settings.position.ConnectorPositionFirstValid" filename="org/settings4j/settings/position/ConnectorPositionFirstValid.java" line-rate="1.0" branch-rate="1.0" complexity="2.5">
					<methods>
						<method name="&lt;init&gt;" signature="([Lorg/settings4j/ConnectorPosition;)V" line-rate="1.0" branch-rate="1.0">
							<lines>
								<line number="40" hits="4" branch="false"/>
								<line number="41" hits="4" branch="false"/>
								<line number="42" hits="4" branch="false"/>
							</lines>
						</method>
						<method name="getPosition" signature="(Ljava/util/List;)I" line-rate="1.0" branch-rate="1.0">
							<lines>
								<line number="46" hits="7" branch="true" condition-coverage="100% (2/2)">
									<conditions>
										<condition number="0" type="jump" coverage="100%"/>
									</conditions>
								</line>
								<line number="47" hits="6" branch="false"/>
								<line number="48" hits="6" branch="true" condition-coverage="100% (2/2)">
									<conditions>
										<condition number="0" type="jump" coverage="100%"/>
									</conditions>
								</line>
								<line number="49" hits="3" branch="false"/>
								<line number="52" hits="1" branch="false"/>
							</lines>
						</method>
					</methods>
					<lines>
						<line number="40" hits="4" branch="false"/>
						<line number="41" hits="4" branch="false"/>
						<line number="42" hits="4" branch="false"/>
						<line number="46" hits="7" branch="true" condition-coverage="100% (2/2)">
							<conditions>
								<condition number="0" type="jump" coverage="100%"/>
							</conditions>
						</line>
						<line number="47" hits="6" branch="false"/>
						<line number="48" hits="6" branch="true" condition-coverage="100% (2/2)">
							<conditions>
								<condition number="0" type="jump" coverage="100%"/>
							</conditions>
						</line>
						<line number="49" hits="3" branch="false"/>
						<line number="52" hits="1" branch="false"/>
					</lines>
				</class>
			</classes>
		</package>
		<package name="org.settings4j.util" line-rate="0.9206349206349206" branch-rate="0.5454545454545454" complexity="2.1538461538461537">
			<classes>
				<class name="org.settings4j.util.ELConnectorWrapper" filename="org/settings4j/util/ELConnectorWrapper.java" line-rate="1.0" branch-rate="1.0" complexity="2.7142857142857144">
					<methods>
						<method name="&lt;init&gt;" signature="([Lorg/settings4j/Connector;)V" line-rate="1.0" branch-rate="1.0">
							<lines>
								<line number="47" hits="5" branch="false"/>
								<line number="48" hits="5" branch="false"/>
								<line number="49" hits="5" branch="false"/>
							</lines>
						</method>
						<method name="access$000" signature="(Lorg/settings4j/util/ELConnectorWrapper;)[Lorg/settings4j/Connector;" line-rate="1.0" branch-rate="1.0">
							<lines>
								<line number="37" hits="5" branch="false"/>
							</lines>
						</method>
						<method name="getContent" signature="()Ljava/util/Map;" line-rate="1.0" branch-rate="1.0">
							<lines>
								<line number="83" hits="1" branch="false"/>
								<line number="98" hits="1" branch="false"/>
							</lines>
						</method>
						<method name="getObject" signature="()Ljava/util/Map;" line-rate="1.0" branch-rate="1.0">
							<lines>
								<line number="108" hits="3" branch="false"/>
								<line number="123" hits="3" branch="false"/>
							</lines>
						</method>
						<method name="getString" signature="()Ljava/util/Map;" line-rate="1.0" branch-rate="1.0">
							<lines>
								<line number="58" hits="1" branch="false"/>
								<line number="73" hits="1" branch="false"/>
							</lines>
						</method>
					</methods>
					<lines>
						<line number="37" hits="5" branch="false"/>
						<line number="47" hits="5" branch="false"/>
						<line number="48" hits="5" branch="false"/>
						<line number="49" hits="5" branch="false"/>
						<line number="58" hits="1" branch="false"/>
						<line number="73" hits="1" branch="false"/>
						<line number="83" hits="1" branch="false"/>
						<line number="98" hits="1" branch="false"/>
						<line number="108" hits="3" branch="false"/>
						<line number="123" hits="3" branch="false"/>
					</lines>
				</class>
				<class name="org.settings4j.util.ELConnectorWrapper$1" filename="org/settings4j/util/ELConnectorWrapper.java" line-rate="0.875" branch-rate="0.5" complexity="2.7142857142857144">
					<methods>
						<method name="&lt;init&gt;" signature="(Lorg/settings4j/util/ELConnectorWrapper;)V" line-rate="1.0" branch-rate="1.0">
							<lines>
							</lines>
						</method>
						<method name="transform" signature="(Ljava/lang/Object;)Ljava/lang/Object;" line-rate="1.0" branch-rate="1.0">
							<lines>
								<line number="58" hits="2" branch="false"/>
							</lines>
						</method>
						<method name="transform" signature="(Ljava/lang/String;)Ljava/lang/String;" line-rate="0.8571428571428571" branch-rate="0.5">
							<lines>
								<line number="61" hits="1" branch="true" condition-coverage="50% (1/2)">
									<conditions>
										<condition number="0" type="jump" coverage="50%"/>
									</conditions>
								</line>
								<line number="62" hits="1" branch="false"/>
								<line number="63" hits="1" branch="true" condition-coverage="50% (1/2)">
									<conditions>
										<condition number="0" type="jump" coverage="50%"/>
									</conditions>
								</line>
								<line number="64" hits="1" branch="false"/>
								<line number="65" hits="1" branch="true" condition-coverage="50% (1/2)">
									<conditions>
										<condition number="0" type="jump" coverage="50%"/>
									</conditions>
								</line>
								<line number="66" hits="1" branch="false"/>
								<line number="70" hits="0" branch="false"/>
							</lines>
						</method>
					</methods>
					<lines>
						<line number="58" hits="2" branch="false"/>
						<line number="61" hits="1" branch="true" condition-coverage="50% (1/2)">
							<conditions>
								<condition number="0" type="jump" coverage="50%"/>
							</conditions>
						</line>
						<line number="62" hits="1" branch="false"/>
						<line number="63" hits="1" branch="true" condition-coverage="50% (1/2)">
							<conditions>
								<condition number="0" type="jump" coverage="50%"/>
							</conditions>
						</line>
						<line number="64" hits="1" branch="false"/>
						<line number="65" hits="1" branch="true" condition-coverage="50% (1/2)">
							<conditions>
								<condition number="0" type="jump" coverage="50%"/>
							</conditions>
						</line>
						<line number="66" hits="1" branch="false"/>
						<line number="70" hits="0" branch="false"/>
					</lines>
				</class>
				<class name="org.settings4j.util.ELConnectorWrapper$2" filename="org/settings4j/util/ELConnectorWrapper.java" line-rate="0.875" branch-rate="0.5" complexity="2.7142857142857144">
					<methods>
						<method name="&lt;init&gt;" signature="(Lorg/settings4j/util/ELConnectorWrapper;)V" line-rate="1.0" branch-rate="1.0">
							<lines>
							</lines>
						</method>
						<method name="transform" signature="(Ljava/lang/Object;)Ljava/lang/Object;" line-rate="1.0" branch-rate="1.0">
							<lines>
								<line number="83" hits="2" branch="false"/>
							</lines>
						</method>
						<method name="transform" signature="(Ljava/lang/String;)[B" line-rate="0.8571428571428571" branch-rate="0.5">
							<lines>
								<line number="86" hits="1" branch="true" condition-coverage="50% (1/2)">
									<conditions>
										<condition number="0" type="jump" coverage="50%"/>
									</conditions>
								</line>
								<line number="87" hits="1" branch="false"/>
								<line number="88" hits="1" branch="true" condition-coverage="50% (1/2)">
									<conditions>
										<condition number="0" type="jump" coverage="50%"/>
									</conditions>
								</line>
								<line number="89" hits="1" branch="false"/>
								<line number="90" hits="1" branch="true" condition-coverage="50% (1/2)">
									<conditions>
										<condition number="0" type="jump" coverage="50%"/>
									</conditions>
								</line>
								<line number="91" hits="1" branch="false"/>
								<line number="95" hits="0" branch="false"/>
							</lines>
						</method>
					</methods>
					<lines>
						<line number="83" hits="2" branch="false"/>
						<line number="86" hits="1" branch="true" condition-coverage="50% (1/2)">
							<conditions>
								<condition number="0" type="jump" coverage="50%"/>
							</conditions>
						</line>
						<line number="87" hits="1" branch="false"/>
						<line number="88" hits="1" branch="true" condition-coverage="50% (1/2)">
							<conditions>
								<condition number="0" type="jump" coverage="50%"/>
							</conditions>
						</line>
						<line number="89" hits="1" branch="false"/>
						<line number="90" hits="1" branch="true" condition-coverage="50% (1/2)">
							<conditions>
								<condition number="0" type="jump" coverage="50%"/>
							</conditions>
						</line>
						<line number="91" hits="1" branch="false"/>
						<line number="95" hits="0" branch="false"/>
					</lines>
				</class>
				<class name="org.settings4j.util.ELConnectorWrapper$3" filename="org/settings4j/util/ELConnectorWrapper.java" line-rate="0.875" branch-rate="0.5" complexity="2.7142857142857144">
					<methods>
						<method name="&lt;init&gt;" signature="(Lorg/settings4j/util/ELConnectorWrapper;)V" line-rate="1.0" branch-rate="1.0">
							<lines>
							</lines>
						</method>
						<method name="transform" signature="(Ljava/lang/Object;)Ljava/lang/Object;" line-rate="1.0" branch-rate="1.0">
							<lines>
								<line number="108" hits="6" branch="false"/>
							</lines>
						</method>
						<method name="transform" signature="(Ljava/lang/String;)Ljava/lang/Object;" line-rate="0.8571428571428571" branch-rate="0.5">
							<lines>
								<line number="111" hits="3" branch="true" condition-coverage="50% (1/2)">
									<conditions>
										<condition number="0" type="jump" coverage="50%"/>
									</conditions>
								</line>
								<line number="112" hits="3" branch="false"/>
								<line number="113" hits="3" branch="true" condition-coverage="50% (1/2)">
									<conditions>
										<condition number="0" type="jump" coverage="50%"/>
									</conditions>
								</line>
								<line number="114" hits="3" branch="false"/>
								<line number="115" hits="3" branch="true" condition-coverage="50% (1/2)">
									<conditions>
										<condition number="0" type="jump" coverage="50%"/>
									</conditions>
								</line>
								<line number="116" hits="3" branch="false"/>
								<line number="120" hits="0" branch="false"/>
							</lines>
						</method>
					</methods>
					<lines>
						<line number="108" hits="6" branch="false"/>
						<line number="111" hits="3" branch="true" condition-coverage="50% (1/2)">
							<conditions>
								<condition number="0" type="jump" coverage="50%"/>
							</conditions>
						</line>
						<line number="112" hits="3" branch="false"/>
						<line number="113" hits="3" branch="true" condition-coverage="50% (1/2)">
							<conditions>
								<condition number="0" type="jump" coverage="50%"/>
							</conditions>
						</line>
						<line number="114" hits="3" branch="false"/>
						<line number="115" hits="3" branch="true" condition-coverage="50% (1/2)">
							<conditions>
								<condition number="0" type="jump" coverage="50%"/>
							</conditions>
						</line>
						<line number="116" hits="3" branch="false"/>
						<line number="120" hits="0" branch="false"/>
					</lines>
				</class>
				<class name="org.settings4j.util.ExpressionLanguageUtil" filename="org/settings4j/util/ExpressionLanguageUtil.java" line-rate="0.6666666666666666" branch-rate="1.0" complexity="1.0">
					<methods>
						<method name="&lt;clinit&gt;" signature="()V" line-rate="1.0" branch-rate="1.0">
							<lines>
								<line number="45" hits="1" branch="false"/>
								<line number="56" hits="1" branch="false"/>
							</lines>
						</method>
						<method name="&lt;init&gt;" signature="()V" line-rate="0.0" branch-rate="1.0">
							<lines>
								<line number="40" hits="0" branch="false"/>
								<line number="41" hits="0" branch="false"/>
							</lines>
						</method>
						<method name="evaluateExpressionLanguage" signature="(Ljava/lang/String;Ljava/util/Map;)Ljava/lang/String;" line-rate="1.0" branch-rate="1.0">
							<lines>
								<line number="67" hits="3" branch="false"/>
							</lines>
						</method>
						<method name="evaluateExpressionLanguage" signature="(Ljava/lang/String;Ljava/util/Map;Ljava/lang/Class;)Ljava/lang/Object;" line-rate="1.0" branch-rate="1.0">
							<lines>
								<line number="81" hits="13" branch="false"/>
							</lines>
						</method>
					</methods>
					<lines>
						<line number="40" hits="0" branch="false"/>
						<line number="41" hits="0" branch="false"/>
						<line number="45" hits="1" branch="false"/>
						<line number="56" hits="1" branch="false"/>
						<line number="67" hits="3" branch="false"/>
						<line number="81" hits="13" branch="false"/>
					</lines>
				</class>
				<class name="org.settings4j.util.ExpressionLanguageUtil$1" filename="org/settings4j/util/ExpressionLanguageUtil.java" line-rate="1.0" branch-rate="1.0" complexity="1.0">
					<methods>
						<method name="&lt;init&gt;" signature="()V" line-rate="1.0" branch-rate="1.0">
							<lines>
								<line number="45" hits="1" branch="false"/>
							</lines>
						</method>
						<method name="resolveVariable" signature="(Ljava/lang/String;Ljava/lang/Object;)Ljava/lang/Object;" line-rate="1.0" branch-rate="1.0">
							<lines>
								<line number="51" hits="16" branch="false"/>
								<line number="52" hits="16" branch="false"/>
							</lines>
						</method>
					</methods>
					<lines>
						<line number="45" hits="1" branch="false"/>
						<line number="51" hits="16" branch="false"/>
						<line number="52" hits="16" branch="false"/>
					</lines>
				</class>
				<class name="org.settings4j.util.MatchPatternTransformer" filename="org/settings4j/util/MatchPatternTransformer.java" line-rate="1.0" branch-rate="0.75" complexity="2.5">
					<methods>
						<method name="&lt;clinit&gt;" signature="()V" line-rate="1.0" branch-rate="1.0">
							<lines>
								<line number="52" hits="1" branch="false"/>
							</lines>
						</method>
						<method name="&lt;init&gt;" signature="(Ljava/lang/String;)V" line-rate="1.0" branch-rate="1.0">
							<lines>
								<line number="60" hits="1" branch="false"/>
								<line number="61" hits="1" branch="false"/>
								<line number="62" hits="1" branch="false"/>
							</lines>
						</method>
						<method name="transform" signature="(Ljava/lang/Object;)Ljava/lang/Object;" line-rate="1.0" branch-rate="1.0">
							<lines>
								<line number="49" hits="8" branch="false"/>
							</lines>
						</method>
						<method name="transform" signature="(Ljava/lang/String;)Ljava/lang/Boolean;" line-rate="1.0" branch-rate="0.75">
							<lines>
								<line number="67" hits="8" branch="false"/>
								<line number="68" hits="8" branch="true" condition-coverage="50% (1/2)">
									<conditions>
										<condition number="0" type="jump" coverage="50%"/>
									</conditions>
								</line>
								<line number="69" hits="8" branch="false"/>
								<line number="71" hits="8" branch="false"/>
								<line number="72" hits="7" branch="false"/>
								<line number="73" hits="7" branch="true" condition-coverage="100% (2/2)">
									<conditions>
										<condition number="0" type="jump" coverage="100%"/>
									</conditions>
								</line>
								<line number="74" hits="3" branch="false"/>
								<line number="75" hits="3" branch="false"/>
								<line number="77" hits="4" branch="false"/>
								<line number="78" hits="4" branch="false"/>
								<line number="80" hits="1" branch="false"/>
								<line number="81" hits="1" branch="false"/>
								<line number="83" hits="1" branch="false"/>
								<line number="84" hits="7" branch="false"/>
								<line number="86" hits="8" branch="false"/>
							</lines>
						</method>
					</methods>
					<lines>
						<line number="49" hits="8" branch="false"/>
						<line number="52" hits="1" branch="false"/>
						<line number="60" hits="1" branch="false"/>
						<line number="61" hits="1" branch="false"/>
						<line number="62" hits="1" branch="false"/>
						<line number="67" hits="8" branch="false"/>
						<line number="68" hits="8" branch="true" condition-coverage="50% (1/2)">
							<conditions>
								<condition number="0" type="jump" coverage="50%"/>
							</conditions>
						</line>
						<line number="69" hits="8" branch="false"/>
						<line number="71" hits="8" branch="false"/>
						<line number="72" hits="7" branch="false"/>
						<line number="73" hits="7" branch="true" condition-coverage="100% (2/2)">
							<conditions>
								<condition number="0" type="jump" coverage="100%"/>
							</conditions>
						</line>
						<line number="74" hits="3" branch="false"/>
						<line number="75" hits="3" branch="false"/>
						<line number="77" hits="4" branch="false"/>
						<line number="78" hits="4" branch="false"/>
						<line number="80" hits="1" branch="false"/>
						<line number="81" hits="1" branch="false"/>
						<line number="83" hits="1" branch="false"/>
						<line number="84" hits="7" branch="false"/>
						<line number="86" hits="8" branch="false"/>
					</lines>
				</class>
			</classes>
		</package>
	</packages>
</coverage>
